14:11:04.199 [TestNG-test-Surefire test-1] TRACE - Resolving type for handle stylesheet5d8bdoctype
14:11:04.272 [TestNG-test-Surefire test-1] TRACE - Resolving type for handle ctstylesheet4257type
14:11:04.276 [TestNG-test-Surefire test-1] TRACE - Resolving type for handle ctcolors6579type
14:11:04.279 [TestNG-test-Surefire test-1] TRACE - Resolving type for handle ctfonts6623type
14:11:04.282 [TestNG-test-Surefire test-1] TRACE - Resolving type for handle ctfont14d8type
14:11:04.288 [TestNG-test-Surefire test-1] TRACE - Resolving type for handle ctfills2c6ftype
14:11:04.297 [TestNG-test-Surefire test-1] TRACE - Resolving type for handle ctfill550ctype
14:11:04.303 [TestNG-test-Surefire test-1] TRACE - Resolving type for handle ctborders0d66type
14:11:04.305 [TestNG-test-Surefire test-1] TRACE - Resolving type for handle ctborderf935type
14:11:04.309 [TestNG-test-Surefire test-1] TRACE - Resolving type for handle ctcellxfs1322type
14:11:04.313 [TestNG-test-Surefire test-1] TRACE - Resolving type for handle ctxf97f7type
14:11:04.315 [TestNG-test-Surefire test-1] TRACE - Resolving type for handle ctcellstylexfsa81ftype
14:11:04.318 [TestNG-test-Surefire test-1] TRACE - Resolving type for handle ctdxfsb26atype
14:11:04.320 [TestNG-test-Surefire test-1] TRACE - Resolving type for handle cttablestyles872ftype
14:11:04.322 [TestNG-test-Surefire test-1] TRACE - Resolving type for handle sstf81fdoctype
14:11:04.330 [TestNG-test-Surefire test-1] TRACE - Resolving type for handle ctsst44f3type
14:11:04.341 [TestNG-test-Surefire test-1] TRACE - Resolving type for handle ctrsta472type
14:11:04.377 [TestNG-test-Surefire test-1] TRACE - Resolving type for handle themefd26doctype
14:11:04.385 [TestNG-test-Surefire test-1] DEBUG - using default POIXMLDocumentPart for http://schemas.openxmlformats.org/officeDocument/2006/relationships/printerSettings
14:11:04.387 [TestNG-test-Surefire test-1] TRACE - Resolving type for handle ctdrawing2748type
14:11:04.407 [TestNG-test-Surefire test-1] TRACE - Resolving type for handle chartspace36e0doctype
14:11:04.411 [TestNG-test-Surefire test-1] TRACE - Resolving type for handle ctchartspacef9b4type
14:11:04.428 [TestNG-test-Surefire test-1] DEBUG - using default POIXMLDocumentPart for http://schemas.openxmlformats.org/officeDocument/2006/relationships/chartUserShapes
14:11:04.428 [TestNG-test-Surefire test-1] DEBUG - using default POIXMLDocumentPart for http://schemas.openxmlformats.org/officeDocument/2006/relationships/chartUserShapes
14:11:04.429 [TestNG-test-Surefire test-1] DEBUG - using default POIXMLDocumentPart for http://schemas.openxmlformats.org/officeDocument/2006/relationships/chartUserShapes
14:11:04.429 [TestNG-test-Surefire test-1] DEBUG - using default POIXMLDocumentPart for http://schemas.openxmlformats.org/officeDocument/2006/relationships/printerSettings
14:11:04.438 [TestNG-test-Surefire test-1] DEBUG - using default POIXMLDocumentPart for http://schemas.openxmlformats.org/officeDocument/2006/relationships/chartUserShapes
14:11:04.439 [TestNG-test-Surefire test-1] DEBUG - using default POIXMLDocumentPart for http://schemas.openxmlformats.org/officeDocument/2006/relationships/printerSettings
14:11:04.444 [TestNG-test-Surefire test-1] DEBUG - using default POIXMLDocumentPart for http://schemas.openxmlformats.org/officeDocument/2006/relationships/printerSettings
14:11:04.452 [TestNG-test-Surefire test-1] DEBUG - using default POIXMLDocumentPart for http://schemas.openxmlformats.org/officeDocument/2006/relationships/chartUserShapes
14:11:04.454 [TestNG-test-Surefire test-1] DEBUG - using default POIXMLDocumentPart for http://schemas.openxmlformats.org/officeDocument/2006/relationships/printerSettings
14:11:04.454 [TestNG-test-Surefire test-1] DEBUG - using default POIXMLDocumentPart for http://schemas.openxmlformats.org/officeDocument/2006/relationships/printerSettings
14:11:04.460 [TestNG-test-Surefire test-1] DEBUG - using default POIXMLDocumentPart for http://schemas.openxmlformats.org/officeDocument/2006/relationships/printerSettings
14:11:04.466 [TestNG-test-Surefire test-1] DEBUG - using default POIXMLDocumentPart for http://schemas.openxmlformats.org/officeDocument/2006/relationships/printerSettings
14:11:04.468 [TestNG-test-Surefire test-1] TRACE - Resolving type for handle workbookec17doctype
14:11:04.473 [TestNG-test-Surefire test-1] TRACE - Resolving type for handle ctworkbook83c3type
14:11:04.478 [TestNG-test-Surefire test-1] TRACE - Resolving type for handle ctsheets49fdtype
14:11:04.481 [TestNG-test-Surefire test-1] TRACE - Resolving type for handle ctsheet4dbetype
14:11:04.483 [TestNG-test-Surefire test-1] TRACE - Resolving type for handle strelationshipid1e94type
14:11:04.486 [TestNG-test-Surefire test-1] TRACE - Resolving type for handle worksheetf539doctype
14:11:04.494 [TestNG-test-Surefire test-1] TRACE - Resolving type for handle ctworksheet530dtype
14:11:04.507 [TestNG-test-Surefire test-1] TRACE - Resolving type for handle ctcols627ctype
14:11:04.516 [TestNG-test-Surefire test-1] TRACE - Resolving type for handle ctcola95ftype
14:11:04.531 [TestNG-test-Surefire test-1] TRACE - Resolving type for handle ctsheetdata8408type
14:11:04.537 [TestNG-test-Surefire test-1] TRACE - Resolving type for handle ctrowdd39type
14:11:04.543 [TestNG-test-Surefire test-1] TRACE - Resolving type for handle ctcell842btype
14:11:04.552 [TestNG-test-Surefire test-1] TRACE - Resolving type for handle stcellrefe4e0type
14:11:04.615 [TestNG-test-Surefire test-1] TRACE - Resolving type for handle ctdefinednamesce48type
14:11:04.618 [TestNG-test-Surefire test-1] TRACE - Resolving type for handle ctdefinedname9413type
14:11:04.622 [TestNG-test-Surefire test-1] TRACE - Resolving type for handle stxstringf179type
14:11:04.626 [TestNG-test-Surefire test-1] TRACE - Resolving type for handle stsheetstate158btype
14:11:04.644 [TestNG-test-Surefire test-1] TRACE - Resolving type for handle stcelltypebf95type
14:11:04.651 [TestNG-test-Surefire test-1] TRACE - Resolving type for handle ctdrawing44fdtype
14:11:04.657 [TestNG-test-Surefire test-1] TRACE - Resolving type for handle cttwocellanchor1e8dtype
14:11:04.660 [TestNG-test-Surefire test-1] TRACE - Resolving type for handle ctmarkeree8etype
14:11:04.662 [TestNG-test-Surefire test-1] TRACE - Resolving type for handle strowidf4cftype
14:11:04.676 [TestNG-test-Surefire test-1] TRACE - Resolving type for handle ctmergecells1242type
14:11:04.678 [TestNG-test-Surefire test-1] TRACE - Resolving type for handle ctmergecelle8d9type
14:11:04.681 [TestNG-test-Surefire test-1] TRACE - Resolving type for handle stref90a2type
14:11:04.709 [TestNG-test-Surefire test-1] TRACE - Resolving type for handle stnumfmtid76fbtype
14:11:04.711 [TestNG-test-Surefire test-1] TRACE - Resolving type for handle stfontid9d63type
14:11:04.712 [TestNG-test-Surefire test-1] TRACE - Resolving type for handle stfillida097type
14:11:04.713 [TestNG-test-Surefire test-1] TRACE - Resolving type for handle stborderid1a80type
14:11:04.715 [TestNG-test-Surefire test-1] TRACE - Resolving type for handle stcellstylexfid70c7type
14:11:04.719 [TestNG-test-Surefire test-1] TRACE - Resolving type for handle ctcellalignmentb580type
14:11:04.724 [TestNG-test-Surefire test-1] TRACE - Resolving type for handle stverticalalignmentd35ctype
14:11:04.726 [TestNG-test-Surefire test-1] TRACE - Resolving type for handle ctborderpre497type
14:11:04.727 [TestNG-test-Surefire test-1] TRACE - Resolving type for handle stborderstylec774type
14:11:04.729 [TestNG-test-Surefire test-1] TRACE - Resolving type for handle ctcolord2c2type
14:11:04.737 [TestNG-test-Surefire test-1] TRACE - Resolving type for handle sthorizontalalignmentf92etype
14:11:04.741 [TestNG-test-Surefire test-1] TRACE - Resolving type for handle ctchartc108type
14:11:04.744 [TestNG-test-Surefire test-1] TRACE - Resolving type for handle cttitleb54etype
14:11:04.783 [TestNG-test-Surefire test-1] TRACE - Resolving type for handle cttx9678type
14:11:04.785 [TestNG-test-Surefire test-1] TRACE - Resolving type for handle cttextbodya3catype
14:11:04.787 [TestNG-test-Surefire test-1] TRACE - Resolving type for handle cttextparagraphcaf2type
14:11:04.790 [TestNG-test-Surefire test-1] TRACE - Resolving type for handle ctregulartextrun7e3dtype
14:11:04.806 [TestNG-test-Surefire test-1] TRACE - Resolving type for handle ctplotarea106etype
14:11:04.812 [TestNG-test-Surefire test-1] TRACE - Resolving type for handle ctcatax7159type
14:11:04.815 [TestNG-test-Surefire test-1] TRACE - Resolving type for handle ctunsignedinte8ectype
14:11:04.817 [TestNG-test-Surefire test-1] TRACE - Resolving type for handle ctvalaxd06etype
14:11:04.823 [TestNG-test-Surefire test-1] TRACE - Resolving type for handle ctbarchart4151type
14:11:04.831 [TestNG-test-Surefire test-1] TRACE - Resolving type for handle ctbardir5f42type
14:11:04.838 [TestNG-test-Surefire test-1] TRACE - Resolving type for handle ctbarser960ftype
14:11:04.842 [TestNG-test-Surefire test-1] TRACE - Resolving type for handle ctaxdatasource1440type
14:11:04.848 [TestNG-test-Surefire test-1] TRACE - Resolving type for handle ctnumdatasourcef0bbtype
14:11:04.855 [TestNG-test-Surefire test-1] TRACE - Resolving type for handle ctstrref5d1atype
14:11:04.859 [TestNG-test-Surefire test-1] TRACE - Resolving type for handle ctstrdatad58btype
14:11:04.864 [TestNG-test-Surefire test-1] TRACE - Resolving type for handle ctnumref062ftype
14:11:04.868 [TestNG-test-Surefire test-1] TRACE - Resolving type for handle ctnumdata4f16type
14:11:04.895 [TestNG-test-Surefire test-1] TRACE - Resolving type for handle ctworkbookpr03a5type
14:11:04.901 [TestNG-test-Surefire test-1] TRACE - Resolving type for handle ctbookviewsb864type
14:11:04.906 [TestNG-test-Surefire test-1] TRACE - Resolving type for handle ctbookviewf677type
14:11:04.912 [TestNG-test-Surefire test-1] TRACE - Resolving type for handle propertiesee84doctype
14:11:04.914 [TestNG-test-Surefire test-1] TRACE - Resolving type for handle ctproperties3f10type
14:11:04.921 [TestNG-test-Surefire test-1] TRACE - Resolving type for handle properties288cdoctype
14:11:04.923 [TestNG-test-Surefire test-1] TRACE - Resolving type for handle ctproperties2c18type
14:11:04.930 [TestNG-test-Surefire test-1] TRACE - Resolving type for handle ctfontsizeb3b9type
14:11:04.934 [TestNG-test-Surefire test-1] TRACE - Resolving type for handle ctfontname2dc3type
14:11:04.937 [TestNG-test-Surefire test-1] TRACE - Resolving type for handle ctfontfamily685ctype
14:11:04.939 [TestNG-test-Surefire test-1] TRACE - Resolving type for handle stfontfamily9c6ctype
14:11:04.941 [TestNG-test-Surefire test-1] TRACE - Resolving type for handle ctfontschemebf5dtype
14:11:04.944 [TestNG-test-Surefire test-1] TRACE - Resolving type for handle stfontschemef36dtype
14:11:04.946 [TestNG-test-Surefire test-1] TRACE - Resolving type for handle ctpatternfill7452type
14:11:04.953 [TestNG-test-Surefire test-1] TRACE - Resolving type for handle stpatterntype7939type
14:11:04.958 [TestNG-test-Surefire test-1] TRACE - Resolving type for handle ctsheetformatprdef7type
14:11:04.964 [TestNG-test-Surefire test-1] TRACE - Resolving type for handle ctsheetviewsb918type
14:11:04.970 [TestNG-test-Surefire test-1] TRACE - Resolving type for handle ctsheetview0f43type
14:11:04.981 [TestNG-test-Surefire test-1] TRACE - Resolving type for handle ctsheetdimensiond310type
14:11:04.983 [TestNG-test-Surefire test-1] TRACE - Resolving type for handle ctpagemargins5455type
14:11:04.988 [TestNG-test-Surefire test-1] TRACE - Resolving type for handle ctstrval86cctype
14:11:04.991 [TestNG-test-Surefire test-1] TRACE - Resolving type for handle ctnumval2fe1type
14:11:05.001 [TestNG-test-Surefire test-1] TRACE - Resolving type for handle ctbooleanproperty1f3ctype
14:11:05.033 [TestNG-test-Surefire test-1] TRACE - Resolving type for handle stunsignedinthex27datype
14:11:05.071 [TestNG-test-Surefire test-1] TRACE - Resolving type for handle ctsheetprotection22f7type
14:11:05.108 [TestNG-test-Surefire test-1] TRACE - Resolving type for handle ctpaneaab1type
14:11:05.110 [TestNG-test-Surefire test-1] TRACE - Resolving type for handle stpane2ac1type
14:11:05.111 [TestNG-test-Surefire test-1] TRACE - Resolving type for handle stpanestateae58type
14:11:05.112 [TestNG-test-Surefire test-1] TRACE - Resolving type for handle ctselectionca2btype
14:11:05.148 [TestNG-test-Surefire test-1] TRACE - Resolving type for handle ctworkbookprotection56bctype
14:11:05.185 [TestNG-test-Surefire test-1] TRACE - Resolving type for handle ctnumfmtsb58btype
14:11:05.218 [TestNG-test-Surefire test-1] DEBUG - Save content types part
14:11:05.291 [TestNG-test-Surefire test-1] DEBUG - Save package relationships
14:11:05.295 [TestNG-test-Surefire test-1] DEBUG - Save part 'docProps/app.xml'
14:11:05.295 [TestNG-test-Surefire test-1] DEBUG - Save part 'docProps/core.xml'
14:11:05.297 [TestNG-test-Surefire test-1] DEBUG - Save part 'xl/charts/chart1.xml'
14:11:05.298 [TestNG-test-Surefire test-1] DEBUG - Save part 'xl/charts/chart2.xml'
14:11:05.298 [TestNG-test-Surefire test-1] DEBUG - Save part 'xl/charts/chart3.xml'
14:11:05.299 [TestNG-test-Surefire test-1] DEBUG - Save part 'xl/charts/chart4.xml'
14:11:05.299 [TestNG-test-Surefire test-1] DEBUG - Save part 'xl/charts/chart5.xml'
14:11:05.302 [TestNG-test-Surefire test-1] DEBUG - Save part 'xl/charts/chart6.xml'
14:11:05.303 [TestNG-test-Surefire test-1] DEBUG - Save part 'xl/charts/chart7.xml'
14:11:05.304 [TestNG-test-Surefire test-1] DEBUG - Save part 'xl/charts/chart8.xml'
14:11:05.305 [TestNG-test-Surefire test-1] DEBUG - Save part 'xl/charts/chart9.xml'
14:11:05.306 [TestNG-test-Surefire test-1] DEBUG - Save part 'xl/charts/chart10.xml'
14:11:05.306 [TestNG-test-Surefire test-1] DEBUG - Save part 'xl/charts/chart11.xml'
14:11:05.307 [TestNG-test-Surefire test-1] DEBUG - Save part 'xl/charts/chart12.xml'
14:11:05.307 [TestNG-test-Surefire test-1] DEBUG - Save part 'xl/charts/chart13.xml'
14:11:05.307 [TestNG-test-Surefire test-1] DEBUG - Save part 'xl/drawings/drawing1.xml'
14:11:05.310 [TestNG-test-Surefire test-1] DEBUG - Save part 'xl/drawings/drawing2.xml'
14:11:05.310 [TestNG-test-Surefire test-1] DEBUG - Save part 'xl/drawings/drawing3.xml'
14:11:05.310 [TestNG-test-Surefire test-1] DEBUG - Save part 'xl/drawings/drawing4.xml'
14:11:05.312 [TestNG-test-Surefire test-1] DEBUG - Save part 'xl/drawings/drawing5.xml'
14:11:05.317 [TestNG-test-Surefire test-1] DEBUG - Save part 'xl/drawings/drawing6.xml'
14:11:05.318 [TestNG-test-Surefire test-1] DEBUG - Save part 'xl/drawings/drawing7.xml'
14:11:05.323 [TestNG-test-Surefire test-1] DEBUG - Save part 'xl/drawings/drawing8.xml'
14:11:05.326 [TestNG-test-Surefire test-1] DEBUG - Save part 'xl/drawings/drawing9.xml'
14:11:05.326 [TestNG-test-Surefire test-1] DEBUG - Save part 'xl/printerSettings/printerSettings1.bin'
14:11:05.326 [TestNG-test-Surefire test-1] DEBUG - Save part 'xl/printerSettings/printerSettings2.bin'
14:11:05.327 [TestNG-test-Surefire test-1] DEBUG - Save part 'xl/printerSettings/printerSettings3.bin'
14:11:05.327 [TestNG-test-Surefire test-1] DEBUG - Save part 'xl/printerSettings/printerSettings4.bin'
14:11:05.328 [TestNG-test-Surefire test-1] DEBUG - Save part 'xl/printerSettings/printerSettings5.bin'
14:11:05.330 [TestNG-test-Surefire test-1] DEBUG - Save part 'xl/printerSettings/printerSettings8.bin'
14:11:05.330 [TestNG-test-Surefire test-1] DEBUG - Save part 'xl/sharedStrings.xml'
14:11:05.331 [TestNG-test-Surefire test-1] DEBUG - Save part 'xl/styles.xml'
14:11:05.332 [TestNG-test-Surefire test-1] DEBUG - Save part 'xl/theme/theme1.xml'
14:11:05.333 [TestNG-test-Surefire test-1] DEBUG - Save part 'xl/workbook.xml'
14:11:05.336 [TestNG-test-Surefire test-1] DEBUG - Save part 'xl/worksheets/sheet1.xml'
14:11:05.338 [TestNG-test-Surefire test-1] DEBUG - Save part 'xl/worksheets/sheet2.xml'
14:11:05.340 [TestNG-test-Surefire test-1] DEBUG - Save part 'xl/worksheets/sheet3.xml'
14:11:05.342 [TestNG-test-Surefire test-1] DEBUG - Save part 'xl/worksheets/sheet4.xml'
14:11:05.344 [TestNG-test-Surefire test-1] DEBUG - Save part 'xl/worksheets/sheet5.xml'
14:11:05.346 [TestNG-test-Surefire test-1] DEBUG - Save part 'xl/worksheets/sheet8.xml'
14:11:05.465 [main] TRACE - [Graph] ADDING NODE AbstractTestNGCucumberTests.runScenario(io.cucumber.testng.PickleWrapper,io.cucumber.testng.FeatureWrapper)[pri:0, instance:testRunners.ParallelRunner@2c1156a7] -411025544
14:11:05.465 [main] TRACE - [Graph] ================ SORTING
14:11:05.465 [main] TRACE - [Graph] =============== DONE SORTING
14:11:05.465 [main] TRACE - [Graph] ====== SORTED NODES
14:11:05.465 [main] TRACE - [Graph] ====== END SORTED NODES
