19:08:23.423 [main] DEBUG - using default POIXMLDocumentPart for http://schemas.openxmlformats.org/officeDocument/2006/relationships/printerSettings
19:08:23.432 [main] DEBUG - using default POIXMLDocumentPart for http://schemas.openxmlformats.org/officeDocument/2006/relationships/printerSettings
19:08:23.444 [main] DEBUG - using default POIXMLDocumentPart for http://schemas.openxmlformats.org/officeDocument/2006/relationships/printerSettings
19:08:23.445 [main] TRACE - Resolving type for handle workbookec17doctype
19:08:23.448 [main] TRACE - Resolving type for handle ctworkbook83c3type
19:08:23.454 [main] TRACE - Resolving type for handle ctsheets49fdtype
19:08:23.466 [main] TRACE - Resolving type for handle ctsheet4dbetype
19:08:23.469 [main] TRACE - Resolving type for handle strelationshipid1e94type
19:08:23.471 [main] TRACE - Resolving type for handle worksheetf539doctype
19:08:23.474 [main] TRACE - Resolving type for handle ctworksheet530dtype
19:08:23.480 [main] TRACE - Resolving type for handle ctcols627ctype
19:08:23.486 [main] TRACE - Resolving type for handle ctcola95ftype
19:08:23.504 [main] TRACE - Resolving type for handle ctsheetdata8408type
19:08:23.510 [main] TRACE - Resolving type for handle ctrowdd39type
19:08:23.514 [main] TRACE - Resolving type for handle ctcell842btype
19:08:23.526 [main] TRACE - Resolving type for handle stcellrefe4e0type
19:08:23.570 [main] TRACE - Resolving type for handle ctcellformula3583type
19:08:23.575 [main] TRACE - Resolving type for handle stcellformulatypee2cdtype
19:08:23.579 [main] TRACE - Resolving type for handle ctexternalreferencesd77ctype
19:08:23.581 [main] TRACE - Resolving type for handle ctexternalreference945ftype
19:08:23.588 [main] TRACE - Resolving type for handle ctdefinednamesce48type
19:08:23.590 [main] TRACE - Resolving type for handle ctdefinedname9413type
19:08:23.593 [main] TRACE - Resolving type for handle stxstringf179type
19:08:23.598 [main] TRACE - Resolving type for handle stsheetstate158btype
19:08:23.615 [main] TRACE - Resolving type for handle stcelltypebf95type
19:08:23.622 [main] TRACE - Resolving type for handle ctsheetprotection22f7type
19:08:23.656 [main] TRACE - Resolving type for handle stnumfmtid76fbtype
19:08:23.657 [main] TRACE - Resolving type for handle stfontid9d63type
19:08:23.658 [main] TRACE - Resolving type for handle stfillida097type
19:08:23.658 [main] TRACE - Resolving type for handle stborderid1a80type
19:08:23.659 [main] TRACE - Resolving type for handle stcellstylexfid70c7type
19:08:23.661 [main] TRACE - Resolving type for handle ctcellalignmentb580type
19:08:23.663 [main] TRACE - Resolving type for handle stverticalalignmentd35ctype
19:08:23.664 [main] TRACE - Resolving type for handle ctborderpre497type
19:08:23.666 [main] TRACE - Resolving type for handle stborderstylec774type
19:08:23.667 [main] TRACE - Resolving type for handle ctcolord2c2type
19:08:23.673 [main] TRACE - Resolving type for handle ctfontname2dc3type
19:08:23.675 [main] TRACE - Resolving type for handle ctfontsizeb3b9type
19:08:23.677 [main] TRACE - Resolving type for handle ctbooleanproperty1f3ctype
19:08:23.689 [main] TRACE - Resolving type for handle stunsignedinthex27datype
19:08:23.694 [main] TRACE - Resolving type for handle sthorizontalalignmentf92etype
19:08:23.704 [main] TRACE - Resolving type for handle ctdrawing44fdtype
19:08:23.706 [main] TRACE - Resolving type for handle ctchartc108type
19:08:23.707 [main] TRACE - Resolving type for handle cttitleb54etype
19:08:23.712 [main] TRACE - Resolving type for handle cttx9678type
19:08:23.713 [main] TRACE - Resolving type for handle cttextbodya3catype
19:08:23.714 [main] TRACE - Resolving type for handle cttextparagraphcaf2type
19:08:23.715 [main] TRACE - Resolving type for handle ctregulartextrun7e3dtype
19:08:23.724 [main] TRACE - Resolving type for handle ctplotarea106etype
19:08:23.727 [main] TRACE - Resolving type for handle ctcatax7159type
19:08:23.729 [main] TRACE - Resolving type for handle ctunsignedinte8ectype
19:08:23.730 [main] TRACE - Resolving type for handle ctvalaxd06etype
19:08:23.732 [main] TRACE - Resolving type for handle ctbarchart4151type
19:08:23.736 [main] TRACE - Resolving type for handle ctbardir5f42type
19:08:23.738 [main] TRACE - Resolving type for handle ctbarser960ftype
19:08:23.740 [main] TRACE - Resolving type for handle ctaxdatasource1440type
19:08:23.741 [main] TRACE - Resolving type for handle ctnumdatasourcef0bbtype
19:08:23.742 [main] TRACE - Resolving type for handle ctstrref5d1atype
19:08:23.743 [main] TRACE - Resolving type for handle ctstrdatad58btype
19:08:23.744 [main] TRACE - Resolving type for handle ctnumref062ftype
19:08:23.745 [main] TRACE - Resolving type for handle ctnumdata4f16type
19:08:23.758 [main] TRACE - Resolving type for handle ctworkbookpr03a5type
19:08:23.762 [main] TRACE - Resolving type for handle ctbookviewsb864type
19:08:23.764 [main] TRACE - Resolving type for handle ctbookviewf677type
19:08:23.766 [main] TRACE - Resolving type for handle propertiesee84doctype
19:08:23.769 [main] TRACE - Resolving type for handle ctproperties3f10type
19:08:23.772 [main] TRACE - Resolving type for handle properties288cdoctype
19:08:23.773 [main] TRACE - Resolving type for handle ctproperties2c18type
19:08:23.776 [main] TRACE - Resolving type for handle ctfontfamily685ctype
19:08:23.777 [main] TRACE - Resolving type for handle stfontfamily9c6ctype
19:08:23.779 [main] TRACE - Resolving type for handle ctfontschemebf5dtype
19:08:23.780 [main] TRACE - Resolving type for handle stfontschemef36dtype
19:08:23.780 [main] TRACE - Resolving type for handle ctpatternfill7452type
19:08:23.782 [main] TRACE - Resolving type for handle stpatterntype7939type
19:08:23.785 [main] TRACE - Resolving type for handle ctsheetformatprdef7type
19:08:23.787 [main] TRACE - Resolving type for handle ctsheetviewsb918type
19:08:23.788 [main] TRACE - Resolving type for handle ctsheetview0f43type
19:08:23.791 [main] TRACE - Resolving type for handle ctsheetdimensiond310type
19:08:23.791 [main] TRACE - Resolving type for handle stref90a2type
19:08:23.793 [main] TRACE - Resolving type for handle ctpagemargins5455type
19:08:23.796 [main] TRACE - Resolving type for handle ctstrval86cctype
19:08:23.797 [main] TRACE - Resolving type for handle ctnumval2fe1type
19:08:23.799 [main] TRACE - Resolving type for handle ctpaneaab1type
19:08:23.801 [main] TRACE - Resolving type for handle stpane2ac1type
19:08:23.803 [main] TRACE - Resolving type for handle stpanestateae58type
19:08:23.804 [main] TRACE - Resolving type for handle ctselectionca2btype
19:08:23.809 [main] TRACE - Resolving type for handle cttwocellanchor1e8dtype
19:08:23.811 [main] TRACE - Resolving type for handle ctmarkeree8etype
19:08:23.812 [main] TRACE - Resolving type for handle strowidf4cftype
19:08:23.819 [main] TRACE - Resolving type for handle ctcalccellb960type
19:08:23.822 [main] TRACE - Resolving type for handle ctmergecells1242type
19:08:23.824 [main] TRACE - Resolving type for handle ctmergecelle8d9type
19:08:23.879 [main] TRACE - Resolving type for handle ctworkbookprotection56bctype
19:08:23.901 [main] TRACE - Resolving type for handle ctnumfmtsb58btype
19:08:23.932 [main] DEBUG - Save content types part
19:08:24.003 [main] DEBUG - Save package relationships
19:08:24.006 [main] DEBUG - Save part 'docProps/app.xml'
19:08:24.007 [main] DEBUG - Save part 'docProps/core.xml'
19:08:24.009 [main] DEBUG - Save part 'xl/charts/chart1.xml'
19:08:24.010 [main] DEBUG - Save part 'xl/charts/chart2.xml'
19:08:24.012 [main] DEBUG - Save part 'xl/charts/chart3.xml'
19:08:24.013 [main] DEBUG - Save part 'xl/charts/chart4.xml'
19:08:24.013 [main] DEBUG - Save part 'xl/charts/chart5.xml'
19:08:24.014 [main] DEBUG - Save part 'xl/charts/chart6.xml'
19:08:24.015 [main] DEBUG - Save part 'xl/charts/chart7.xml'
19:08:24.015 [main] DEBUG - Save part 'xl/charts/chart8.xml'
19:08:24.016 [main] DEBUG - Save part 'xl/charts/chart9.xml'
19:08:24.016 [main] DEBUG - Save part 'xl/charts/chart10.xml'
19:08:24.017 [main] DEBUG - Save part 'xl/drawings/drawing1.xml'
19:08:24.019 [main] DEBUG - Save part 'xl/drawings/drawing2.xml'
19:08:24.020 [main] DEBUG - Save part 'xl/drawings/drawing3.xml'
19:08:24.020 [main] DEBUG - Save part 'xl/drawings/drawing4.xml'
19:08:24.020 [main] DEBUG - Save part 'xl/drawings/drawing5.xml'
19:08:24.021 [main] DEBUG - Save part 'xl/drawings/drawing6.xml'
19:08:24.022 [main] DEBUG - Save part 'xl/drawings/drawing7.xml'
19:08:24.022 [main] DEBUG - Save part 'xl/drawings/drawing8.xml'
19:08:24.023 [main] DEBUG - Save part 'xl/drawings/drawing9.xml'
19:08:24.024 [main] DEBUG - Save part 'xl/externalLinks/externalLink1.xml'
19:08:24.025 [main] DEBUG - Save part 'xl/printerSettings/printerSettings1.bin'
19:08:24.025 [main] DEBUG - Save part 'xl/printerSettings/printerSettings2.bin'
19:08:24.025 [main] DEBUG - Save part 'xl/printerSettings/printerSettings3.bin'
19:08:24.025 [main] DEBUG - Save part 'xl/printerSettings/printerSettings4.bin'
19:08:24.025 [main] DEBUG - Save part 'xl/printerSettings/printerSettings7.bin'
19:08:24.025 [main] DEBUG - Save part 'xl/sharedStrings.xml'
19:08:24.025 [main] DEBUG - Save part 'xl/styles.xml'
19:08:24.026 [main] DEBUG - Save part 'xl/theme/theme1.xml'
19:08:24.026 [main] DEBUG - Save part 'xl/workbook.xml'
19:08:24.027 [main] DEBUG - Save part 'xl/worksheets/sheet1.xml'
19:08:24.028 [main] DEBUG - Save part 'xl/worksheets/sheet2.xml'
19:08:24.029 [main] DEBUG - Save part 'xl/worksheets/sheet3.xml'
19:08:24.030 [main] DEBUG - Save part 'xl/worksheets/sheet4.xml'
19:08:24.031 [main] DEBUG - Save part 'xl/worksheets/sheet8.xml'
19:08:24.103 [main] INFO  - [TestNG] Time taken by org.testng.reporters.jq.Main@2a19a0fe: 34 ms
19:08:24.104 [main] INFO  - [TestNG] Time taken by org.testng.reporters.FailedReporter@2b7774d5: 1 ms
19:08:24.110 [main] INFO  - [TestNG] Time taken by org.testng.reporters.XMLReporter@2964511: 6 ms
19:08:24.115 [main] INFO  - [TestNG] Time taken by org.testng.reporters.EmailableReporter2@63187d63: 4 ms
19:08:24.122 [main] INFO  - [TestNG] Time taken by org.testng.reporters.JUnitReportReporter@6e239337: 6 ms
19:08:24.122 [main] INFO  - [TestNG] Time taken by org.testng.internal.ExitCodeListener@7996d0d4: 0 ms
19:53:21.814 [main] DEBUG - suiteXmlPath: "C:\Users\SACHIN~1\AppData\Local\Temp\testng-eclipse--473373465\testng-customsuite.xml"
19:53:22.105 [main] INFO  - [Utils] MethodGroupsHelper.collectMethodsByGroup() took 1 ms.
19:53:22.108 [main] INFO  - [Utils] MethodGroupsHelper.sortMethods() took 1 ms.
19:53:22.110 [main] INFO  - [Utils] MethodGroupsHelper.collectMethodsByGroup() took 0 ms.
19:53:22.110 [main] INFO  - [Utils] MethodGroupsHelper.sortMethods() took 0 ms.
19:53:22.111 [main] INFO  - [Utils] MethodGroupsHelper.collectMethodsByGroup() took 0 ms.
19:53:22.111 [main] INFO  - [Utils] MethodGroupsHelper.sortMethods() took 0 ms.
19:53:22.111 [main] INFO  - [Utils] MethodGroupsHelper.collectMethodsByGroup() took 0 ms.
19:53:22.111 [main] INFO  - [Utils] MethodGroupsHelper.sortMethods() took 0 ms.
19:53:22.113 [main] INFO  - [Utils] MethodGroupsHelper.collectMethodsByGroup() took 0 ms.
19:53:22.120 [main] TRACE - [Graph] ADDING NODE AbstractTestNGCucumberTests.setUpClass(org.testng.ITestContext)[pri:0, instance:null] -393284817
19:53:22.121 [main] TRACE - [Graph] ================ SORTING
19:53:22.123 [main] TRACE - [Graph] =============== DONE SORTING
19:53:22.124 [main] TRACE - [Graph] ====== SORTED NODES
19:53:22.124 [main] TRACE - [Graph] ====== END SORTED NODES
19:53:22.124 [main] INFO  - [Utils] MethodGroupsHelper.sortMethods() took 11 ms.
19:53:22.125 [main] INFO  - [Utils] MethodGroupsHelper.collectMethodsByGroup() took 0 ms.
19:53:22.125 [main] TRACE - [Graph] ADDING NODE AbstractTestNGCucumberTests.tearDownClass()[pri:0, instance:null] 1523153566
19:53:22.125 [main] TRACE - [Graph] ================ SORTING
19:53:22.125 [main] TRACE - [Graph] =============== DONE SORTING
19:53:22.125 [main] TRACE - [Graph] ====== SORTED NODES
19:53:22.126 [main] TRACE - [Graph] ====== END SORTED NODES
19:53:22.126 [main] INFO  - [Utils] MethodGroupsHelper.sortMethods() took 1 ms.
19:53:22.127 [main] INFO  - [Utils] MethodGroupsHelper.collectMethodsByGroup() took 0 ms.
19:53:22.127 [main] INFO  - [Utils] MethodGroupsHelper.sortMethods() took 0 ms.
19:53:22.127 [main] INFO  - [Utils] MethodGroupsHelper.collectMethodsByGroup() took 0 ms.
19:53:22.127 [main] INFO  - [Utils] MethodGroupsHelper.sortMethods() took 0 ms.
19:53:22.129 [main] INFO  - [Utils] MethodGroupsHelper.collectMethodsByGroup() took 0 ms.
19:53:22.129 [main] INFO  - [Utils] MethodGroupsHelper.sortMethods() took 0 ms.
19:53:22.129 [main] INFO  - [Utils] MethodGroupsHelper.collectMethodsByGroup() took 0 ms.
19:53:22.129 [main] INFO  - [Utils] MethodGroupsHelper.sortMethods() took 0 ms.
19:53:22.132 [main] INFO  - [Utils] MethodGroupsHelper.collectMethodsByGroup() took 0 ms.
19:53:22.132 [main] INFO  - [Utils] MethodGroupsHelper.sortMethods() took 0 ms.
19:53:22.132 [main] INFO  - [Utils] MethodGroupsHelper.collectMethodsByGroup() took 0 ms.
19:53:22.132 [main] INFO  - [Utils] MethodGroupsHelper.sortMethods() took 0 ms.
19:53:22.136 [main] INFO  - [Utils] MethodGroupsHelper.collectMethodsByGroup() took 4 ms.
19:53:22.137 [main] TRACE - [Graph] ADDING NODE AbstractTestNGCucumberTests.runScenario(io.cucumber.testng.PickleWrapper,io.cucumber.testng.FeatureWrapper)[pri:0, instance:testRunners.ParallelRunner@4215838f] -41653152
19:53:22.137 [main] TRACE - [Graph] ================ SORTING
19:53:22.137 [main] TRACE - [Graph] =============== DONE SORTING
19:53:22.137 [main] TRACE - [Graph] ====== SORTED NODES
19:53:22.137 [main] TRACE - [Graph] ====== END SORTED NODES
19:53:22.137 [main] INFO  - [Utils] MethodGroupsHelper.sortMethods() took 1 ms.
19:53:22.138 [main] INFO  - [Utils] MethodGroupsHelper.collectMethodsByGroup() took 0 ms.
19:53:22.138 [main] INFO  - [Utils] MethodGroupsHelper.sortMethods() took 0 ms.
19:53:22.138 [main] INFO  - [Utils] MethodGroupsHelper.collectMethodsByGroup() took 0 ms.
19:53:22.138 [main] INFO  - [Utils] MethodGroupsHelper.sortMethods() took 0 ms.
19:53:22.149 [main] INFO  - [TestNG] Running:
  C:\Users\Sachin Zagade\AppData\Local\Temp\testng-eclipse--473373465\testng-customsuite.xml

19:53:22.170 [main] INFO  - [Utils] DynamicGraphHelper.createDynamicGraph() took 4 ms.
19:54:10.833 [TestNG-PoolService-1] INFO  - WebDriver initialized successfully for browser: chrome
19:54:12.027 [main] DEBUG - Parsing relationship: /xl/charts/_rels/chart1.xml.rels
19:54:12.030 [main] DEBUG - Parsing relationship: /xl/charts/_rels/chart2.xml.rels
19:54:12.031 [main] DEBUG - Parsing relationship: /xl/charts/_rels/chart3.xml.rels
19:54:12.032 [main] DEBUG - Parsing relationship: /xl/charts/_rels/chart5.xml.rels
19:54:12.033 [main] DEBUG - Parsing relationship: /xl/charts/_rels/chart8.xml.rels
19:54:12.035 [main] DEBUG - Parsing relationship: /xl/drawings/_rels/drawing1.xml.rels
19:54:12.035 [main] DEBUG - Parsing relationship: /xl/drawings/_rels/drawing5.xml.rels
19:54:12.037 [main] DEBUG - Parsing relationship: /xl/drawings/_rels/drawing7.xml.rels
19:54:12.037 [main] DEBUG - Parsing relationship: /xl/drawings/_rels/drawing8.xml.rels
19:54:12.038 [main] DEBUG - Parsing relationship: /xl/drawings/_rels/drawing10.xml.rels
19:54:12.039 [main] DEBUG - Parsing relationship: /xl/drawings/_rels/drawing11.xml.rels
19:54:12.040 [main] DEBUG - Parsing relationship: /xl/externalLinks/_rels/externalLink1.xml.rels
19:54:12.041 [main] DEBUG - Parsing relationship: /xl/_rels/workbook.xml.rels
19:54:12.044 [main] DEBUG - Parsing relationship: /xl/worksheets/_rels/sheet1.xml.rels
19:54:12.045 [main] DEBUG - Parsing relationship: /xl/worksheets/_rels/sheet2.xml.rels
19:54:12.046 [main] DEBUG - Parsing relationship: /xl/worksheets/_rels/sheet3.xml.rels
19:54:12.048 [main] DEBUG - Parsing relationship: /xl/worksheets/_rels/sheet4.xml.rels
19:54:12.049 [main] DEBUG - Parsing relationship: /xl/worksheets/_rels/sheet6.xml.rels
19:54:12.050 [main] DEBUG - Parsing relationship: /xl/worksheets/_rels/sheet7.xml.rels
19:54:12.052 [main] DEBUG - Parsing relationship: /xl/worksheets/_rels/sheet8.xml.rels
19:54:12.054 [main] DEBUG - Parsing relationship: /_rels/.rels
19:54:12.313 [main] TRACE - Loading type system org.apache.poi.schemas.ooxml.system.ooxml
19:54:12.317 [main] TRACE - Loading type system org.apache.xmlbeans.metadata.system.sXMLCONFIG
19:54:12.318 [main] TRACE - Loading type system org.apache.xmlbeans.metadata.system.sXMLLANG
19:54:12.322 [main] TRACE - Loading type system org.apache.xmlbeans.metadata.system.sXMLSCHEMA
19:54:12.323 [main] TRACE - Loading type system org.apache.xmlbeans.metadata.system.sXMLTOOLS
19:54:12.324 [main] TRACE - Reading unresolved handles for type system org.apache.xmlbeans.metadata.system.sXMLTOOLS
19:54:12.344 [main] TRACE - Finished loading type system org.apache.xmlbeans.metadata.system.sXMLTOOLS
19:54:12.345 [main] TRACE - Reading unresolved handles for type system org.apache.xmlbeans.metadata.system.sXMLSCHEMA
19:54:12.350 [main] TRACE - Finished loading type system org.apache.xmlbeans.metadata.system.sXMLSCHEMA
19:54:12.352 [main] TRACE - Reading unresolved handles for type system org.apache.xmlbeans.metadata.system.sXMLLANG
19:54:12.353 [main] TRACE - Finished loading type system org.apache.xmlbeans.metadata.system.sXMLLANG
19:54:12.355 [main] TRACE - Reading unresolved handles for type system org.apache.xmlbeans.metadata.system.sXMLCONFIG
19:54:12.356 [main] TRACE - Finished loading type system org.apache.xmlbeans.metadata.system.sXMLCONFIG
19:54:12.358 [main] TRACE - Reading unresolved handles for type system org.apache.poi.schemas.ooxml.system.ooxml
19:54:12.436 [main] TRACE - Finished loading type system org.apache.poi.schemas.ooxml.system.ooxml
19:54:12.437 [main] TRACE - Resolving type for handle themefd26doctype
19:54:12.522 [main] TRACE - Resolving type for handle stylesheet5d8bdoctype
19:54:12.536 [main] TRACE - Resolving type for handle ctstylesheet4257type
19:54:12.541 [main] TRACE - Resolving type for handle ctcolors6579type
19:54:12.545 [main] TRACE - Resolving type for handle ctfonts6623type
19:54:12.551 [main] TRACE - Resolving type for handle ctfont14d8type
19:54:12.561 [main] TRACE - Resolving type for handle ctfills2c6ftype
19:54:12.565 [main] TRACE - Resolving type for handle ctfill550ctype
19:54:12.570 [main] TRACE - Resolving type for handle ctborders0d66type
19:54:12.575 [main] TRACE - Resolving type for handle ctborderf935type
19:54:12.581 [main] TRACE - Resolving type for handle ctcellxfs1322type
19:54:12.595 [main] TRACE - Resolving type for handle ctxf97f7type
19:54:12.606 [main] TRACE - Resolving type for handle ctcellstylexfsa81ftype
19:54:12.611 [main] TRACE - Resolving type for handle ctdxfsb26atype
19:54:12.615 [main] TRACE - Resolving type for handle cttablestyles872ftype
19:54:12.621 [main] TRACE - Resolving type for handle sstf81fdoctype
19:54:12.630 [main] TRACE - Resolving type for handle ctsst44f3type
19:54:12.659 [main] TRACE - Resolving type for handle ctrsta472type
19:54:12.698 [main] TRACE - Resolving type for handle calcchainfc37doctype
19:54:12.705 [main] TRACE - Resolving type for handle ctcalcchain5a0btype
19:54:12.710 [main] TRACE - Resolving type for handle externallinkb4c2doctype
19:54:12.715 [main] TRACE - Resolving type for handle ctexternallink966etype
19:54:12.719 [main] DEBUG - using default POIXMLDocumentPart for http://schemas.openxmlformats.org/officeDocument/2006/relationships/printerSettings
19:54:12.721 [main] TRACE - Resolving type for handle ctdrawing2748type
19:54:12.734 [main] TRACE - Resolving type for handle chartspace36e0doctype
19:54:12.743 [main] TRACE - Resolving type for handle ctchartspacef9b4type
19:54:12.755 [main] DEBUG - using default POIXMLDocumentPart for http://schemas.openxmlformats.org/officeDocument/2006/relationships/chartUserShapes
19:54:12.755 [main] DEBUG - using default POIXMLDocumentPart for http://schemas.openxmlformats.org/officeDocument/2006/relationships/chartUserShapes
19:54:12.756 [main] DEBUG - using default POIXMLDocumentPart for http://schemas.openxmlformats.org/officeDocument/2006/relationships/chartUserShapes
19:54:12.756 [main] DEBUG - using default POIXMLDocumentPart for http://schemas.openxmlformats.org/officeDocument/2006/relationships/printerSettings
19:54:12.768 [main] DEBUG - using default POIXMLDocumentPart for http://schemas.openxmlformats.org/officeDocument/2006/relationships/chartUserShapes
19:54:12.769 [main] DEBUG - using default POIXMLDocumentPart for http://schemas.openxmlformats.org/officeDocument/2006/relationships/printerSettings
19:54:12.774 [main] DEBUG - using default POIXMLDocumentPart for http://schemas.openxmlformats.org/officeDocument/2006/relationships/printerSettings
19:54:12.786 [main] DEBUG - using default POIXMLDocumentPart for http://schemas.openxmlformats.org/officeDocument/2006/relationships/chartUserShapes
19:54:12.787 [main] DEBUG - using default POIXMLDocumentPart for http://schemas.openxmlformats.org/officeDocument/2006/relationships/printerSettings
19:54:12.797 [main] DEBUG - using default POIXMLDocumentPart for http://schemas.openxmlformats.org/officeDocument/2006/relationships/printerSettings
19:54:12.807 [main] DEBUG - using default POIXMLDocumentPart for http://schemas.openxmlformats.org/officeDocument/2006/relationships/printerSettings
19:54:12.812 [main] TRACE - Resolving type for handle workbookec17doctype
19:54:12.821 [main] TRACE - Resolving type for handle ctworkbook83c3type
19:54:12.831 [main] TRACE - Resolving type for handle ctsheets49fdtype
19:54:12.837 [main] TRACE - Resolving type for handle ctsheet4dbetype
19:54:12.841 [main] TRACE - Resolving type for handle strelationshipid1e94type
19:54:12.848 [main] TRACE - Resolving type for handle worksheetf539doctype
19:54:12.856 [main] TRACE - Resolving type for handle ctworksheet530dtype
19:54:12.867 [main] TRACE - Resolving type for handle ctcols627ctype
19:54:12.874 [main] TRACE - Resolving type for handle ctcola95ftype
19:54:12.895 [main] TRACE - Resolving type for handle ctsheetdata8408type
19:54:12.905 [main] TRACE - Resolving type for handle ctrowdd39type
19:54:12.910 [main] TRACE - Resolving type for handle ctcell842btype
19:54:12.919 [main] TRACE - Resolving type for handle stcellrefe4e0type
19:54:12.960 [main] TRACE - Resolving type for handle ctcellformula3583type
19:54:12.966 [main] TRACE - Resolving type for handle stcellformulatypee2cdtype
19:54:12.972 [main] TRACE - Resolving type for handle ctexternalreferencesd77ctype
19:54:12.975 [main] TRACE - Resolving type for handle ctexternalreference945ftype
19:54:12.990 [main] TRACE - Resolving type for handle ctdefinednamesce48type
19:54:12.994 [main] TRACE - Resolving type for handle ctdefinedname9413type
19:54:12.999 [main] TRACE - Resolving type for handle stxstringf179type
19:54:13.016 [main] TRACE - Resolving type for handle stsheetstate158btype
19:54:13.039 [main] TRACE - Resolving type for handle stcelltypebf95type
19:54:13.049 [main] TRACE - Resolving type for handle ctsheetprotection22f7type
19:54:13.106 [main] TRACE - Resolving type for handle stnumfmtid76fbtype
19:54:13.108 [main] TRACE - Resolving type for handle stfontid9d63type
19:54:13.110 [main] TRACE - Resolving type for handle stfillida097type
19:54:13.111 [main] TRACE - Resolving type for handle stborderid1a80type
19:54:13.113 [main] TRACE - Resolving type for handle stcellstylexfid70c7type
19:54:13.118 [main] TRACE - Resolving type for handle ctcellalignmentb580type
19:54:13.123 [main] TRACE - Resolving type for handle stverticalalignmentd35ctype
19:54:13.127 [main] TRACE - Resolving type for handle ctborderpre497type
19:54:13.130 [main] TRACE - Resolving type for handle stborderstylec774type
19:54:13.132 [main] TRACE - Resolving type for handle ctcolord2c2type
19:54:13.140 [main] TRACE - Resolving type for handle ctfontname2dc3type
19:54:13.144 [main] TRACE - Resolving type for handle ctfontsizeb3b9type
19:54:13.149 [main] TRACE - Resolving type for handle ctbooleanproperty1f3ctype
19:54:13.179 [main] TRACE - Resolving type for handle stunsignedinthex27datype
19:54:13.188 [main] TRACE - Resolving type for handle sthorizontalalignmentf92etype
19:54:13.203 [main] TRACE - Resolving type for handle ctdrawing44fdtype
19:54:13.208 [main] TRACE - Resolving type for handle ctchartc108type
19:54:13.212 [main] TRACE - Resolving type for handle cttitleb54etype
19:54:13.222 [main] TRACE - Resolving type for handle cttx9678type
19:54:13.223 [main] TRACE - Resolving type for handle cttextbodya3catype
19:54:13.225 [main] TRACE - Resolving type for handle cttextparagraphcaf2type
19:54:13.227 [main] TRACE - Resolving type for handle ctregulartextrun7e3dtype
19:54:13.240 [main] TRACE - Resolving type for handle ctplotarea106etype
19:54:13.244 [main] TRACE - Resolving type for handle ctcatax7159type
19:54:13.248 [main] TRACE - Resolving type for handle ctunsignedinte8ectype
19:54:13.251 [main] TRACE - Resolving type for handle ctvalaxd06etype
19:54:13.256 [main] TRACE - Resolving type for handle ctbarchart4151type
19:54:13.260 [main] TRACE - Resolving type for handle ctbardir5f42type
19:54:13.266 [main] TRACE - Resolving type for handle ctbarser960ftype
19:54:13.271 [main] TRACE - Resolving type for handle ctaxdatasource1440type
19:54:13.274 [main] TRACE - Resolving type for handle ctnumdatasourcef0bbtype
19:54:13.278 [main] TRACE - Resolving type for handle ctstrref5d1atype
19:54:13.281 [main] TRACE - Resolving type for handle ctstrdatad58btype
19:54:13.285 [main] TRACE - Resolving type for handle ctnumref062ftype
19:54:13.288 [main] TRACE - Resolving type for handle ctnumdata4f16type
19:54:13.320 [main] TRACE - Resolving type for handle ctworkbookpr03a5type
19:54:13.329 [main] TRACE - Resolving type for handle ctbookviewsb864type
19:54:13.333 [main] TRACE - Resolving type for handle ctbookviewf677type
19:54:13.340 [main] TRACE - Resolving type for handle propertiesee84doctype
19:54:13.342 [main] TRACE - Resolving type for handle ctproperties3f10type
19:54:13.347 [main] TRACE - Resolving type for handle properties288cdoctype
19:54:13.348 [main] TRACE - Resolving type for handle ctproperties2c18type
19:54:13.354 [main] TRACE - Resolving type for handle ctfontfamily685ctype
19:54:13.356 [main] TRACE - Resolving type for handle stfontfamily9c6ctype
19:54:13.358 [main] TRACE - Resolving type for handle ctfontschemebf5dtype
19:54:13.360 [main] TRACE - Resolving type for handle stfontschemef36dtype
19:54:13.361 [main] TRACE - Resolving type for handle ctpatternfill7452type
19:54:13.364 [main] TRACE - Resolving type for handle stpatterntype7939type
19:54:13.368 [main] TRACE - Resolving type for handle ctsheetformatprdef7type
19:54:13.373 [main] TRACE - Resolving type for handle ctsheetviewsb918type
19:54:13.377 [main] TRACE - Resolving type for handle ctsheetview0f43type
19:54:13.385 [main] TRACE - Resolving type for handle ctsheetdimensiond310type
19:54:13.386 [main] TRACE - Resolving type for handle stref90a2type
19:54:13.388 [main] TRACE - Resolving type for handle ctpagemargins5455type
19:54:13.394 [main] TRACE - Resolving type for handle ctstrval86cctype
19:54:13.398 [main] TRACE - Resolving type for handle ctnumval2fe1type
19:54:13.402 [main] TRACE - Resolving type for handle ctpaneaab1type
19:54:13.408 [main] TRACE - Resolving type for handle stpane2ac1type
19:54:13.409 [main] TRACE - Resolving type for handle stpanestateae58type
19:54:13.414 [main] TRACE - Resolving type for handle ctselectionca2btype
19:54:13.427 [main] TRACE - Resolving type for handle cttwocellanchor1e8dtype
19:54:13.434 [main] TRACE - Resolving type for handle ctmarkeree8etype
19:54:13.437 [main] TRACE - Resolving type for handle strowidf4cftype
19:54:13.449 [main] TRACE - Resolving type for handle ctcalccellb960type
19:54:13.458 [main] TRACE - Resolving type for handle ctmergecells1242type
19:54:13.461 [main] TRACE - Resolving type for handle ctmergecelle8d9type
19:54:13.553 [main] TRACE - Resolving type for handle ctworkbookprotection56bctype
19:54:13.648 [main] TRACE - Resolving type for handle ctnumfmtsb58btype
19:54:13.764 [main] DEBUG - Save content types part
19:54:13.858 [main] DEBUG - Save package relationships
19:54:13.862 [main] DEBUG - Save part 'docProps/app.xml'
19:54:13.863 [main] DEBUG - Save part 'docProps/core.xml'
19:54:13.866 [main] DEBUG - Save part 'xl/charts/chart1.xml'
19:54:13.869 [main] DEBUG - Save part 'xl/charts/chart2.xml'
19:54:13.871 [main] DEBUG - Save part 'xl/charts/chart3.xml'
19:54:13.872 [main] DEBUG - Save part 'xl/charts/chart4.xml'
19:54:13.872 [main] DEBUG - Save part 'xl/charts/chart5.xml'
19:54:13.874 [main] DEBUG - Save part 'xl/charts/chart6.xml'
19:54:13.874 [main] DEBUG - Save part 'xl/charts/chart7.xml'
19:54:13.875 [main] DEBUG - Save part 'xl/charts/chart8.xml'
19:54:13.876 [main] DEBUG - Save part 'xl/charts/chart9.xml'
19:54:13.877 [main] DEBUG - Save part 'xl/charts/chart10.xml'
19:54:13.877 [main] DEBUG - Save part 'xl/drawings/drawing1.xml'
19:54:13.880 [main] DEBUG - Save part 'xl/drawings/drawing2.xml'
19:54:13.880 [main] DEBUG - Save part 'xl/drawings/drawing3.xml'
19:54:13.881 [main] DEBUG - Save part 'xl/drawings/drawing4.xml'
19:54:13.881 [main] DEBUG - Save part 'xl/drawings/drawing5.xml'
19:54:13.884 [main] DEBUG - Save part 'xl/drawings/drawing6.xml'
19:54:13.885 [main] DEBUG - Save part 'xl/drawings/drawing7.xml'
19:54:13.887 [main] DEBUG - Save part 'xl/drawings/drawing8.xml'
19:54:13.891 [main] DEBUG - Save part 'xl/drawings/drawing9.xml'
19:54:13.892 [main] DEBUG - Save part 'xl/externalLinks/externalLink1.xml'
19:54:13.894 [main] DEBUG - Save part 'xl/printerSettings/printerSettings1.bin'
19:54:13.894 [main] DEBUG - Save part 'xl/printerSettings/printerSettings2.bin'
19:54:13.894 [main] DEBUG - Save part 'xl/printerSettings/printerSettings3.bin'
19:54:13.895 [main] DEBUG - Save part 'xl/printerSettings/printerSettings4.bin'
19:54:13.895 [main] DEBUG - Save part 'xl/printerSettings/printerSettings7.bin'
19:54:13.896 [main] DEBUG - Save part 'xl/sharedStrings.xml'
19:54:13.897 [main] DEBUG - Save part 'xl/styles.xml'
19:54:13.897 [main] DEBUG - Save part 'xl/theme/theme1.xml'
19:54:13.897 [main] DEBUG - Save part 'xl/workbook.xml'
19:54:13.899 [main] DEBUG - Save part 'xl/worksheets/sheet1.xml'
19:54:13.901 [main] DEBUG - Save part 'xl/worksheets/sheet2.xml'
19:54:13.902 [main] DEBUG - Save part 'xl/worksheets/sheet3.xml'
19:54:13.905 [main] DEBUG - Save part 'xl/worksheets/sheet4.xml'
19:54:13.907 [main] DEBUG - Save part 'xl/worksheets/sheet8.xml'
19:54:14.077 [main] INFO  - [TestNG] Time taken by org.testng.reporters.jq.Main@2321e482: 90 ms
19:54:14.078 [main] INFO  - [TestNG] Time taken by org.testng.reporters.FailedReporter@467ef400: 1 ms
19:54:14.087 [main] INFO  - [TestNG] Time taken by org.testng.reporters.XMLReporter@1570cad0: 9 ms
19:54:14.092 [main] INFO  - [TestNG] Time taken by org.testng.reporters.EmailableReporter2@71f0806b: 5 ms
19:54:14.098 [main] INFO  - [TestNG] Time taken by org.testng.reporters.JUnitReportReporter@64f3ca6: 5 ms
19:54:14.099 [main] INFO  - [TestNG] Time taken by org.testng.internal.ExitCodeListener@3df77dfa: 0 ms
19:56:59.640 [main] DEBUG - suiteXmlPath: "C:\Users\SACHIN~1\AppData\Local\Temp\testng-eclipse--985167767\testng-customsuite.xml"
19:56:59.867 [main] INFO  - [Utils] MethodGroupsHelper.collectMethodsByGroup() took 0 ms.
19:56:59.870 [main] INFO  - [Utils] MethodGroupsHelper.sortMethods() took 1 ms.
19:56:59.871 [main] INFO  - [Utils] MethodGroupsHelper.collectMethodsByGroup() took 0 ms.
19:56:59.871 [main] INFO  - [Utils] MethodGroupsHelper.sortMethods() took 0 ms.
19:56:59.871 [main] INFO  - [Utils] MethodGroupsHelper.collectMethodsByGroup() took 0 ms.
19:56:59.872 [main] INFO  - [Utils] MethodGroupsHelper.sortMethods() took 0 ms.
19:56:59.872 [main] INFO  - [Utils] MethodGroupsHelper.collectMethodsByGroup() took 0 ms.
19:56:59.872 [main] INFO  - [Utils] MethodGroupsHelper.sortMethods() took 0 ms.
19:56:59.873 [main] INFO  - [Utils] MethodGroupsHelper.collectMethodsByGroup() took 0 ms.
19:56:59.879 [main] TRACE - [Graph] ADDING NODE AbstractTestNGCucumberTests.setUpClass(org.testng.ITestContext)[pri:0, instance:null] -393284817
19:56:59.879 [main] TRACE - [Graph] ================ SORTING
19:56:59.882 [main] TRACE - [Graph] =============== DONE SORTING
19:56:59.882 [main] TRACE - [Graph] ====== SORTED NODES
19:56:59.882 [main] TRACE - [Graph] ====== END SORTED NODES
19:56:59.882 [main] INFO  - [Utils] MethodGroupsHelper.sortMethods() took 9 ms.
19:56:59.883 [main] INFO  - [Utils] MethodGroupsHelper.collectMethodsByGroup() took 0 ms.
19:56:59.883 [main] TRACE - [Graph] ADDING NODE AbstractTestNGCucumberTests.tearDownClass()[pri:0, instance:null] 1523153566
19:56:59.883 [main] TRACE - [Graph] ================ SORTING
19:56:59.883 [main] TRACE - [Graph] =============== DONE SORTING
19:56:59.883 [main] TRACE - [Graph] ====== SORTED NODES
19:56:59.883 [main] TRACE - [Graph] ====== END SORTED NODES
19:56:59.883 [main] INFO  - [Utils] MethodGroupsHelper.sortMethods() took 0 ms.
19:56:59.884 [main] INFO  - [Utils] MethodGroupsHelper.collectMethodsByGroup() took 0 ms.
19:56:59.884 [main] INFO  - [Utils] MethodGroupsHelper.sortMethods() took 0 ms.
19:56:59.884 [main] INFO  - [Utils] MethodGroupsHelper.collectMethodsByGroup() took 0 ms.
19:56:59.884 [main] INFO  - [Utils] MethodGroupsHelper.sortMethods() took 0 ms.
19:56:59.887 [main] INFO  - [Utils] MethodGroupsHelper.collectMethodsByGroup() took 0 ms.
19:56:59.887 [main] INFO  - [Utils] MethodGroupsHelper.sortMethods() took 0 ms.
19:56:59.887 [main] INFO  - [Utils] MethodGroupsHelper.collectMethodsByGroup() took 0 ms.
19:56:59.887 [main] INFO  - [Utils] MethodGroupsHelper.sortMethods() took 0 ms.
19:56:59.889 [main] INFO  - [Utils] MethodGroupsHelper.collectMethodsByGroup() took 0 ms.
19:56:59.889 [main] INFO  - [Utils] MethodGroupsHelper.sortMethods() took 0 ms.
19:56:59.889 [main] INFO  - [Utils] MethodGroupsHelper.collectMethodsByGroup() took 0 ms.
19:56:59.889 [main] INFO  - [Utils] MethodGroupsHelper.sortMethods() took 0 ms.
19:56:59.893 [main] INFO  - [Utils] MethodGroupsHelper.collectMethodsByGroup() took 3 ms.
19:56:59.893 [main] TRACE - [Graph] ADDING NODE AbstractTestNGCucumberTests.runScenario(io.cucumber.testng.PickleWrapper,io.cucumber.testng.FeatureWrapper)[pri:0, instance:testRunners.ParallelRunner@4215838f] -41653152
19:56:59.893 [main] TRACE - [Graph] ================ SORTING
19:56:59.893 [main] TRACE - [Graph] =============== DONE SORTING
19:56:59.893 [main] TRACE - [Graph] ====== SORTED NODES
19:56:59.893 [main] TRACE - [Graph] ====== END SORTED NODES
19:56:59.893 [main] INFO  - [Utils] MethodGroupsHelper.sortMethods() took 0 ms.
19:56:59.894 [main] INFO  - [Utils] MethodGroupsHelper.collectMethodsByGroup() took 0 ms.
19:56:59.894 [main] INFO  - [Utils] MethodGroupsHelper.sortMethods() took 0 ms.
19:56:59.894 [main] INFO  - [Utils] MethodGroupsHelper.collectMethodsByGroup() took 0 ms.
19:56:59.894 [main] INFO  - [Utils] MethodGroupsHelper.sortMethods() took 0 ms.
19:56:59.901 [main] INFO  - [TestNG] Running:
  C:\Users\Sachin Zagade\AppData\Local\Temp\testng-eclipse--985167767\testng-customsuite.xml

19:56:59.915 [main] INFO  - [Utils] DynamicGraphHelper.createDynamicGraph() took 4 ms.
20:00:02.904 [main] DEBUG - Parsing relationship: /xl/charts/_rels/chart4.xml.rels
20:00:02.908 [main] DEBUG - Parsing relationship: /xl/charts/_rels/chart5.xml.rels
20:00:02.909 [main] DEBUG - Parsing relationship: /xl/charts/_rels/chart6.xml.rels
20:00:02.909 [main] DEBUG - Parsing relationship: /xl/charts/_rels/chart8.xml.rels
20:00:02.911 [main] DEBUG - Parsing relationship: /xl/charts/_rels/chart11.xml.rels
20:00:02.913 [main] DEBUG - Parsing relationship: /xl/drawings/_rels/drawing1.xml.rels
20:00:02.913 [main] DEBUG - Parsing relationship: /xl/drawings/_rels/drawing5.xml.rels
20:00:02.913 [main] DEBUG - Parsing relationship: /xl/drawings/_rels/drawing7.xml.rels
20:00:02.913 [main] DEBUG - Parsing relationship: /xl/drawings/_rels/drawing8.xml.rels
20:00:02.913 [main] DEBUG - Parsing relationship: /xl/drawings/_rels/drawing10.xml.rels
20:00:02.913 [main] DEBUG - Parsing relationship: /xl/drawings/_rels/drawing11.xml.rels
20:00:02.919 [main] DEBUG - Parsing relationship: /xl/_rels/workbook.xml.rels
20:00:02.919 [main] DEBUG - Parsing relationship: /xl/worksheets/_rels/sheet1.xml.rels
20:00:02.923 [main] DEBUG - Parsing relationship: /xl/worksheets/_rels/sheet2.xml.rels
20:00:02.923 [main] DEBUG - Parsing relationship: /xl/worksheets/_rels/sheet3.xml.rels
20:00:02.926 [main] DEBUG - Parsing relationship: /xl/worksheets/_rels/sheet4.xml.rels
20:00:02.927 [main] DEBUG - Parsing relationship: /xl/worksheets/_rels/sheet5.xml.rels
20:00:02.927 [main] DEBUG - Parsing relationship: /xl/worksheets/_rels/sheet6.xml.rels
20:00:02.928 [main] DEBUG - Parsing relationship: /xl/worksheets/_rels/sheet7.xml.rels
20:00:02.929 [main] DEBUG - Parsing relationship: /xl/worksheets/_rels/sheet8.xml.rels
20:00:02.930 [main] DEBUG - Parsing relationship: /_rels/.rels
20:00:03.284 [main] TRACE - Loading type system org.apache.poi.schemas.ooxml.system.ooxml
20:00:03.295 [main] TRACE - Loading type system org.apache.xmlbeans.metadata.system.sXMLCONFIG
20:00:03.295 [main] TRACE - Loading type system org.apache.xmlbeans.metadata.system.sXMLLANG
20:00:03.295 [main] TRACE - Loading type system org.apache.xmlbeans.metadata.system.sXMLSCHEMA
20:00:03.295 [main] TRACE - Loading type system org.apache.xmlbeans.metadata.system.sXMLTOOLS
20:00:03.295 [main] TRACE - Reading unresolved handles for type system org.apache.xmlbeans.metadata.system.sXMLTOOLS
20:00:03.324 [main] TRACE - Finished loading type system org.apache.xmlbeans.metadata.system.sXMLTOOLS
20:00:03.326 [main] TRACE - Reading unresolved handles for type system org.apache.xmlbeans.metadata.system.sXMLSCHEMA
20:00:03.338 [main] TRACE - Finished loading type system org.apache.xmlbeans.metadata.system.sXMLSCHEMA
20:00:03.338 [main] TRACE - Reading unresolved handles for type system org.apache.xmlbeans.metadata.system.sXMLLANG
20:00:03.341 [main] TRACE - Finished loading type system org.apache.xmlbeans.metadata.system.sXMLLANG
20:00:03.341 [main] TRACE - Reading unresolved handles for type system org.apache.xmlbeans.metadata.system.sXMLCONFIG
20:00:03.346 [main] TRACE - Finished loading type system org.apache.xmlbeans.metadata.system.sXMLCONFIG
20:00:03.346 [main] TRACE - Reading unresolved handles for type system org.apache.poi.schemas.ooxml.system.ooxml
20:00:03.454 [main] TRACE - Finished loading type system org.apache.poi.schemas.ooxml.system.ooxml
20:00:03.454 [main] TRACE - Resolving type for handle stylesheet5d8bdoctype
20:00:03.570 [main] TRACE - Resolving type for handle ctstylesheet4257type
20:00:03.580 [main] TRACE - Resolving type for handle ctcolors6579type
20:00:03.590 [main] TRACE - Resolving type for handle ctfonts6623type
20:00:03.601 [main] TRACE - Resolving type for handle ctfont14d8type
20:00:03.611 [main] TRACE - Resolving type for handle ctfills2c6ftype
20:00:03.624 [main] TRACE - Resolving type for handle ctfill550ctype
20:00:03.624 [main] TRACE - Resolving type for handle ctborders0d66type
20:00:03.632 [main] TRACE - Resolving type for handle ctborderf935type
20:00:03.632 [main] TRACE - Resolving type for handle ctcellxfs1322type
20:00:03.642 [main] TRACE - Resolving type for handle ctxf97f7type
20:00:03.652 [main] TRACE - Resolving type for handle ctcellstylexfsa81ftype
20:00:03.652 [main] TRACE - Resolving type for handle ctdxfsb26atype
20:00:03.663 [main] TRACE - Resolving type for handle cttablestyles872ftype
20:00:03.673 [main] TRACE - Resolving type for handle sstf81fdoctype
20:00:03.683 [main] TRACE - Resolving type for handle ctsst44f3type
20:00:03.707 [main] TRACE - Resolving type for handle ctrsta472type
20:00:03.772 [main] TRACE - Resolving type for handle themefd26doctype
20:00:03.785 [main] DEBUG - using default POIXMLDocumentPart for http://schemas.openxmlformats.org/officeDocument/2006/relationships/printerSettings
20:00:03.791 [main] TRACE - Resolving type for handle ctdrawing2748type
20:00:03.827 [main] TRACE - Resolving type for handle chartspace36e0doctype
20:00:03.836 [main] TRACE - Resolving type for handle ctchartspacef9b4type
20:00:03.869 [main] DEBUG - using default POIXMLDocumentPart for http://schemas.openxmlformats.org/officeDocument/2006/relationships/chartUserShapes
20:00:03.869 [main] DEBUG - using default POIXMLDocumentPart for http://schemas.openxmlformats.org/officeDocument/2006/relationships/chartUserShapes
20:00:03.869 [main] DEBUG - using default POIXMLDocumentPart for http://schemas.openxmlformats.org/officeDocument/2006/relationships/chartUserShapes
20:00:03.869 [main] DEBUG - using default POIXMLDocumentPart for http://schemas.openxmlformats.org/officeDocument/2006/relationships/printerSettings
20:00:03.888 [main] DEBUG - using default POIXMLDocumentPart for http://schemas.openxmlformats.org/officeDocument/2006/relationships/chartUserShapes
20:00:03.888 [main] DEBUG - using default POIXMLDocumentPart for http://schemas.openxmlformats.org/officeDocument/2006/relationships/printerSettings
20:00:03.898 [main] DEBUG - using default POIXMLDocumentPart for http://schemas.openxmlformats.org/officeDocument/2006/relationships/printerSettings
20:00:03.911 [main] DEBUG - using default POIXMLDocumentPart for http://schemas.openxmlformats.org/officeDocument/2006/relationships/chartUserShapes
20:00:03.911 [main] DEBUG - using default POIXMLDocumentPart for http://schemas.openxmlformats.org/officeDocument/2006/relationships/printerSettings
20:00:03.911 [main] DEBUG - using default POIXMLDocumentPart for http://schemas.openxmlformats.org/officeDocument/2006/relationships/printerSettings
20:00:03.914 [main] DEBUG - using default POIXMLDocumentPart for http://schemas.openxmlformats.org/officeDocument/2006/relationships/printerSettings
20:00:03.919 [main] DEBUG - using default POIXMLDocumentPart for http://schemas.openxmlformats.org/officeDocument/2006/relationships/printerSettings
20:00:03.924 [main] TRACE - Resolving type for handle workbookec17doctype
20:00:03.929 [main] TRACE - Resolving type for handle ctworkbook83c3type
20:00:03.940 [main] TRACE - Resolving type for handle ctsheets49fdtype
20:00:03.947 [main] TRACE - Resolving type for handle ctsheet4dbetype
20:00:03.952 [main] TRACE - Resolving type for handle strelationshipid1e94type
20:00:03.957 [main] TRACE - Resolving type for handle worksheetf539doctype
20:00:03.962 [main] TRACE - Resolving type for handle ctworksheet530dtype
20:00:03.979 [main] TRACE - Resolving type for handle ctcols627ctype
20:00:03.988 [main] TRACE - Resolving type for handle ctcola95ftype
20:00:04.011 [main] TRACE - Resolving type for handle ctsheetdata8408type
20:00:04.011 [main] TRACE - Resolving type for handle ctrowdd39type
20:00:04.031 [main] TRACE - Resolving type for handle ctcell842btype
20:00:04.041 [main] TRACE - Resolving type for handle stcellrefe4e0type
20:00:04.144 [main] TRACE - Resolving type for handle ctdefinednamesce48type
20:00:04.144 [main] TRACE - Resolving type for handle ctdefinedname9413type
20:00:04.166 [main] TRACE - Resolving type for handle stxstringf179type
20:00:04.184 [main] TRACE - Resolving type for handle stsheetstate158btype
20:00:04.248 [main] TRACE - Resolving type for handle stcelltypebf95type
20:00:04.267 [main] TRACE - Resolving type for handle ctdrawing44fdtype
20:00:04.278 [main] TRACE - Resolving type for handle cttwocellanchor1e8dtype
20:00:04.288 [main] TRACE - Resolving type for handle ctmarkeree8etype
20:00:04.290 [main] TRACE - Resolving type for handle strowidf4cftype
20:00:04.316 [main] TRACE - Resolving type for handle ctmergecells1242type
20:00:04.325 [main] TRACE - Resolving type for handle ctmergecelle8d9type
20:00:04.328 [main] TRACE - Resolving type for handle stref90a2type
20:00:04.400 [main] TRACE - Resolving type for handle stnumfmtid76fbtype
20:00:04.400 [main] TRACE - Resolving type for handle stfontid9d63type
20:00:04.410 [main] TRACE - Resolving type for handle stfillida097type
20:00:04.410 [main] TRACE - Resolving type for handle stborderid1a80type
20:00:04.410 [main] TRACE - Resolving type for handle stcellstylexfid70c7type
20:00:04.425 [main] TRACE - Resolving type for handle ctcellalignmentb580type
20:00:04.432 [main] TRACE - Resolving type for handle stverticalalignmentd35ctype
20:00:04.432 [main] TRACE - Resolving type for handle ctborderpre497type
20:00:04.442 [main] TRACE - Resolving type for handle stborderstylec774type
20:00:04.442 [main] TRACE - Resolving type for handle ctcolord2c2type
20:00:04.462 [main] TRACE - Resolving type for handle sthorizontalalignmentf92etype
20:00:04.483 [main] TRACE - Resolving type for handle ctchartc108type
20:00:04.493 [main] TRACE - Resolving type for handle cttitleb54etype
20:00:04.555 [main] TRACE - Resolving type for handle cttx9678type
20:00:04.566 [main] TRACE - Resolving type for handle cttextbodya3catype
20:00:04.572 [main] TRACE - Resolving type for handle cttextparagraphcaf2type
20:00:04.577 [main] TRACE - Resolving type for handle ctregulartextrun7e3dtype
20:00:04.597 [main] TRACE - Resolving type for handle ctplotarea106etype
20:00:04.608 [main] TRACE - Resolving type for handle ctcatax7159type
20:00:04.618 [main] TRACE - Resolving type for handle ctunsignedinte8ectype
20:00:04.623 [main] TRACE - Resolving type for handle ctvalaxd06etype
20:00:04.628 [main] TRACE - Resolving type for handle ctbarchart4151type
20:00:04.636 [main] TRACE - Resolving type for handle ctbardir5f42type
20:00:04.641 [main] TRACE - Resolving type for handle ctbarser960ftype
20:00:04.648 [main] TRACE - Resolving type for handle ctaxdatasource1440type
20:00:04.658 [main] TRACE - Resolving type for handle ctnumdatasourcef0bbtype
20:00:04.662 [main] TRACE - Resolving type for handle ctstrref5d1atype
20:00:04.666 [main] TRACE - Resolving type for handle ctstrdatad58btype
20:00:04.670 [main] TRACE - Resolving type for handle ctnumref062ftype
20:00:04.670 [main] TRACE - Resolving type for handle ctnumdata4f16type
20:00:04.698 [main] TRACE - Resolving type for handle ctworkbookpr03a5type
20:00:04.708 [main] TRACE - Resolving type for handle ctbookviewsb864type
20:00:04.708 [main] TRACE - Resolving type for handle ctbookviewf677type
20:00:04.719 [main] TRACE - Resolving type for handle propertiesee84doctype
20:00:04.719 [main] TRACE - Resolving type for handle ctproperties3f10type
20:00:04.731 [main] TRACE - Resolving type for handle properties288cdoctype
20:00:04.731 [main] TRACE - Resolving type for handle ctproperties2c18type
20:00:04.753 [main] TRACE - Resolving type for handle ctfontsizeb3b9type
20:00:04.755 [main] TRACE - Resolving type for handle ctfontname2dc3type
20:00:04.757 [main] TRACE - Resolving type for handle ctfontfamily685ctype
20:00:04.759 [main] TRACE - Resolving type for handle stfontfamily9c6ctype
20:00:04.759 [main] TRACE - Resolving type for handle ctfontschemebf5dtype
20:00:04.761 [main] TRACE - Resolving type for handle stfontschemef36dtype
20:00:04.761 [main] TRACE - Resolving type for handle ctpatternfill7452type
20:00:04.761 [main] TRACE - Resolving type for handle stpatterntype7939type
20:00:04.773 [main] TRACE - Resolving type for handle ctsheetformatprdef7type
20:00:04.780 [main] TRACE - Resolving type for handle ctsheetviewsb918type
20:00:04.783 [main] TRACE - Resolving type for handle ctsheetview0f43type
20:00:04.794 [main] TRACE - Resolving type for handle ctsheetdimensiond310type
20:00:04.796 [main] TRACE - Resolving type for handle ctpagemargins5455type
20:00:04.801 [main] TRACE - Resolving type for handle ctstrval86cctype
20:00:04.801 [main] TRACE - Resolving type for handle ctnumval2fe1type
20:00:04.814 [main] TRACE - Resolving type for handle ctbooleanproperty1f3ctype
20:00:04.869 [main] TRACE - Resolving type for handle stunsignedinthex27datype
20:00:04.916 [main] TRACE - Resolving type for handle ctsheetprotection22f7type
20:00:04.964 [main] TRACE - Resolving type for handle ctpaneaab1type
20:00:04.986 [main] TRACE - Resolving type for handle stpane2ac1type
20:00:04.991 [main] TRACE - Resolving type for handle stpanestateae58type
20:00:04.995 [main] TRACE - Resolving type for handle ctselectionca2btype
20:00:05.049 [main] TRACE - Resolving type for handle ctworkbookprotection56bctype
20:00:05.146 [main] TRACE - Resolving type for handle ctnumfmtsb58btype
20:00:05.227 [main] DEBUG - Save content types part
20:00:05.390 [main] DEBUG - Save package relationships
20:00:05.400 [main] DEBUG - Save part 'docProps/app.xml'
20:00:05.400 [main] DEBUG - Save part 'docProps/core.xml'
20:00:05.400 [main] DEBUG - Save part 'xl/charts/chart1.xml'
20:00:05.410 [main] DEBUG - Save part 'xl/charts/chart2.xml'
20:00:05.410 [main] DEBUG - Save part 'xl/charts/chart3.xml'
20:00:05.412 [main] DEBUG - Save part 'xl/charts/chart4.xml'
20:00:05.414 [main] DEBUG - Save part 'xl/charts/chart5.xml'
20:00:05.418 [main] DEBUG - Save part 'xl/charts/chart6.xml'
20:00:05.420 [main] DEBUG - Save part 'xl/charts/chart7.xml'
20:00:05.420 [main] DEBUG - Save part 'xl/charts/chart8.xml'
20:00:05.424 [main] DEBUG - Save part 'xl/charts/chart9.xml'
20:00:05.427 [main] DEBUG - Save part 'xl/charts/chart10.xml'
20:00:05.427 [main] DEBUG - Save part 'xl/charts/chart11.xml'
20:00:05.431 [main] DEBUG - Save part 'xl/charts/chart12.xml'
