19:06:17.465 [main] TRACE - [Graph] ================ SORTING
19:06:17.472 [main] TRACE - [Graph] =============== DONE SORTING
19:06:17.472 [main] TRACE - [Graph] ====== SORTED NODES
19:06:17.472 [main] TRACE - [Graph] ====== END SORTED NODES
19:06:17.472 [main] INFO  - [Utils] MethodGroupsHelper.sortMethods() took 6 ms.
19:06:17.473 [main] INFO  - [Utils] MethodGroupsHelper.collectMethodsByGroup() took 0 ms.
19:06:17.474 [main] INFO  - [Utils] MethodGroupsHelper.sortMethods() took 0 ms.
19:06:17.474 [main] INFO  - [Utils] MethodGroupsHelper.collectMethodsByGroup() took 0 ms.
19:06:17.474 [main] INFO  - [Utils] MethodGroupsHelper.sortMethods() took 0 ms.
19:06:17.482 [main] INFO  - [TestNG] Running:
  C:\Users\Sachin Zagade\AppData\Local\Temp\testng-eclipse-303286830\testng-customsuite.xml

19:06:17.499 [main] INFO  - [Utils] DynamicGraphHelper.createDynamicGraph() took 4 ms.
19:06:19.565 [main] DEBUG - Parsing relationship: /xl/charts/_rels/chart4.xml.rels
19:06:19.569 [main] DEBUG - Parsing relationship: /xl/charts/_rels/chart5.xml.rels
19:06:19.570 [main] DEBUG - Parsing relationship: /xl/charts/_rels/chart6.xml.rels
19:06:19.570 [main] DEBUG - Parsing relationship: /xl/charts/_rels/chart8.xml.rels
19:06:19.571 [main] DEBUG - Parsing relationship: /xl/charts/_rels/chart11.xml.rels
19:06:19.572 [main] DEBUG - Parsing relationship: /xl/drawings/_rels/drawing1.xml.rels
19:06:19.573 [main] DEBUG - Parsing relationship: /xl/drawings/_rels/drawing5.xml.rels
19:06:19.574 [main] DEBUG - Parsing relationship: /xl/drawings/_rels/drawing7.xml.rels
19:06:19.575 [main] DEBUG - Parsing relationship: /xl/drawings/_rels/drawing8.xml.rels
19:06:19.575 [main] DEBUG - Parsing relationship: /xl/drawings/_rels/drawing10.xml.rels
19:06:19.576 [main] DEBUG - Parsing relationship: /xl/drawings/_rels/drawing11.xml.rels
19:06:19.577 [main] DEBUG - Parsing relationship: /xl/_rels/workbook.xml.rels
19:06:19.578 [main] DEBUG - Parsing relationship: /xl/worksheets/_rels/sheet1.xml.rels
19:06:19.579 [main] DEBUG - Parsing relationship: /xl/worksheets/_rels/sheet2.xml.rels
19:06:19.580 [main] DEBUG - Parsing relationship: /xl/worksheets/_rels/sheet3.xml.rels
19:06:19.580 [main] DEBUG - Parsing relationship: /xl/worksheets/_rels/sheet4.xml.rels
19:06:19.581 [main] DEBUG - Parsing relationship: /xl/worksheets/_rels/sheet5.xml.rels
19:06:19.581 [main] DEBUG - Parsing relationship: /xl/worksheets/_rels/sheet6.xml.rels
19:06:19.582 [main] DEBUG - Parsing relationship: /xl/worksheets/_rels/sheet7.xml.rels
19:06:19.582 [main] DEBUG - Parsing relationship: /xl/worksheets/_rels/sheet8.xml.rels
19:06:19.583 [main] DEBUG - Parsing relationship: /_rels/.rels
19:06:19.728 [main] TRACE - Loading type system org.apache.poi.schemas.ooxml.system.ooxml
19:06:19.730 [main] TRACE - Loading type system org.apache.xmlbeans.metadata.system.sXMLCONFIG
19:06:19.731 [main] TRACE - Loading type system org.apache.xmlbeans.metadata.system.sXMLLANG
19:06:19.731 [main] TRACE - Loading type system org.apache.xmlbeans.metadata.system.sXMLSCHEMA
19:06:19.732 [main] TRACE - Loading type system org.apache.xmlbeans.metadata.system.sXMLTOOLS
19:06:19.733 [main] TRACE - Reading unresolved handles for type system org.apache.xmlbeans.metadata.system.sXMLTOOLS
19:06:19.742 [main] TRACE - Finished loading type system org.apache.xmlbeans.metadata.system.sXMLTOOLS
19:06:19.743 [main] TRACE - Reading unresolved handles for type system org.apache.xmlbeans.metadata.system.sXMLSCHEMA
19:06:19.752 [main] TRACE - Finished loading type system org.apache.xmlbeans.metadata.system.sXMLSCHEMA
19:06:19.753 [main] TRACE - Reading unresolved handles for type system org.apache.xmlbeans.metadata.system.sXMLLANG
19:06:19.754 [main] TRACE - Finished loading type system org.apache.xmlbeans.metadata.system.sXMLLANG
19:06:19.754 [main] TRACE - Reading unresolved handles for type system org.apache.xmlbeans.metadata.system.sXMLCONFIG
19:06:19.755 [main] TRACE - Finished loading type system org.apache.xmlbeans.metadata.system.sXMLCONFIG
19:06:19.755 [main] TRACE - Reading unresolved handles for type system org.apache.poi.schemas.ooxml.system.ooxml
19:06:19.799 [main] TRACE - Finished loading type system org.apache.poi.schemas.ooxml.system.ooxml
19:06:19.801 [main] TRACE - Resolving type for handle stylesheet5d8bdoctype
19:06:19.847 [main] TRACE - Resolving type for handle ctstylesheet4257type
19:06:19.851 [main] TRACE - Resolving type for handle ctcolors6579type
19:06:19.853 [main] TRACE - Resolving type for handle ctfonts6623type
19:06:19.856 [main] TRACE - Resolving type for handle ctfont14d8type
19:06:19.861 [main] TRACE - Resolving type for handle ctfills2c6ftype
19:06:19.864 [main] TRACE - Resolving type for handle ctfill550ctype
19:06:19.865 [main] TRACE - Resolving type for handle ctborders0d66type
19:06:19.869 [main] TRACE - Resolving type for handle ctborderf935type
19:06:19.872 [main] TRACE - Resolving type for handle ctcellxfs1322type
19:06:19.874 [main] TRACE - Resolving type for handle ctxf97f7type
19:06:19.876 [main] TRACE - Resolving type for handle ctcellstylexfsa81ftype
19:06:19.878 [main] TRACE - Resolving type for handle ctdxfsb26atype
19:06:19.880 [main] TRACE - Resolving type for handle cttablestyles872ftype
19:06:19.882 [main] TRACE - Resolving type for handle sstf81fdoctype
19:06:19.887 [main] TRACE - Resolving type for handle ctsst44f3type
19:06:19.894 [main] TRACE - Resolving type for handle ctrsta472type
19:06:19.919 [main] TRACE - Resolving type for handle themefd26doctype
19:06:19.926 [main] DEBUG - using default POIXMLDocumentPart for http://schemas.openxmlformats.org/officeDocument/2006/relationships/printerSettings
19:06:19.927 [main] TRACE - Resolving type for handle ctdrawing2748type
19:06:19.943 [main] TRACE - Resolving type for handle chartspace36e0doctype
19:06:19.947 [main] TRACE - Resolving type for handle ctchartspacef9b4type
19:06:19.962 [main] DEBUG - using default POIXMLDocumentPart for http://schemas.openxmlformats.org/officeDocument/2006/relationships/chartUserShapes
19:06:19.964 [main] DEBUG - using default POIXMLDocumentPart for http://schemas.openxmlformats.org/officeDocument/2006/relationships/chartUserShapes
19:06:19.964 [main] DEBUG - using default POIXMLDocumentPart for http://schemas.openxmlformats.org/officeDocument/2006/relationships/chartUserShapes
19:06:19.964 [main] DEBUG - using default POIXMLDocumentPart for http://schemas.openxmlformats.org/officeDocument/2006/relationships/printerSettings
19:06:19.974 [main] DEBUG - using default POIXMLDocumentPart for http://schemas.openxmlformats.org/officeDocument/2006/relationships/chartUserShapes
19:06:19.975 [main] DEBUG - using default POIXMLDocumentPart for http://schemas.openxmlformats.org/officeDocument/2006/relationships/printerSettings
19:06:19.978 [main] DEBUG - using default POIXMLDocumentPart for http://schemas.openxmlformats.org/officeDocument/2006/relationships/printerSettings
19:06:19.987 [main] DEBUG - using default POIXMLDocumentPart for http://schemas.openxmlformats.org/officeDocument/2006/relationships/chartUserShapes
19:06:19.987 [main] DEBUG - using default POIXMLDocumentPart for http://schemas.openxmlformats.org/officeDocument/2006/relationships/printerSettings
19:06:19.988 [main] DEBUG - using default POIXMLDocumentPart for http://schemas.openxmlformats.org/officeDocument/2006/relationships/printerSettings
19:06:19.992 [main] DEBUG - using default POIXMLDocumentPart for http://schemas.openxmlformats.org/officeDocument/2006/relationships/printerSettings
19:06:19.996 [main] DEBUG - using default POIXMLDocumentPart for http://schemas.openxmlformats.org/officeDocument/2006/relationships/printerSettings
19:06:19.997 [main] TRACE - Resolving type for handle workbookec17doctype
19:06:20.001 [main] TRACE - Resolving type for handle ctworkbook83c3type
19:06:20.008 [main] TRACE - Resolving type for handle ctsheets49fdtype
19:06:20.010 [main] TRACE - Resolving type for handle ctsheet4dbetype
19:06:20.012 [main] TRACE - Resolving type for handle strelationshipid1e94type
19:06:20.015 [main] TRACE - Resolving type for handle worksheetf539doctype
19:06:20.021 [main] TRACE - Resolving type for handle ctworksheet530dtype
19:06:20.029 [main] TRACE - Resolving type for handle ctcols627ctype
19:06:20.032 [main] TRACE - Resolving type for handle ctcola95ftype
19:06:20.054 [main] TRACE - Resolving type for handle ctsheetdata8408type
19:06:20.058 [main] TRACE - Resolving type for handle ctrowdd39type
19:06:20.064 [main] TRACE - Resolving type for handle ctcell842btype
19:06:20.070 [main] TRACE - Resolving type for handle stcellrefe4e0type
19:06:20.103 [main] TRACE - Resolving type for handle ctdefinednamesce48type
19:06:20.105 [main] TRACE - Resolving type for handle ctdefinedname9413type
19:06:20.108 [main] TRACE - Resolving type for handle stxstringf179type
19:06:20.112 [main] TRACE - Resolving type for handle stsheetstate158btype
19:06:20.125 [main] TRACE - Resolving type for handle stcelltypebf95type
19:06:20.131 [main] TRACE - Resolving type for handle ctdrawing44fdtype
19:06:20.135 [main] TRACE - Resolving type for handle cttwocellanchor1e8dtype
19:06:20.137 [main] TRACE - Resolving type for handle ctmarkeree8etype
19:06:20.139 [main] TRACE - Resolving type for handle strowidf4cftype
19:06:20.150 [main] TRACE - Resolving type for handle ctmergecells1242type
19:06:20.153 [main] TRACE - Resolving type for handle ctmergecelle8d9type
19:06:20.154 [main] TRACE - Resolving type for handle stref90a2type
19:06:20.189 [main] TRACE - Resolving type for handle stnumfmtid76fbtype
19:06:20.190 [main] TRACE - Resolving type for handle stfontid9d63type
19:06:20.191 [main] TRACE - Resolving type for handle stfillida097type
19:06:20.192 [main] TRACE - Resolving type for handle stborderid1a80type
19:06:20.192 [main] TRACE - Resolving type for handle stcellstylexfid70c7type
19:06:20.195 [main] TRACE - Resolving type for handle ctcellalignmentb580type
19:06:20.197 [main] TRACE - Resolving type for handle stverticalalignmentd35ctype
19:06:20.198 [main] TRACE - Resolving type for handle ctborderpre497type
19:06:20.199 [main] TRACE - Resolving type for handle stborderstylec774type
19:06:20.202 [main] TRACE - Resolving type for handle ctcolord2c2type
19:06:20.207 [main] TRACE - Resolving type for handle sthorizontalalignmentf92etype
19:06:20.211 [main] TRACE - Resolving type for handle ctchartc108type
19:06:20.212 [main] TRACE - Resolving type for handle cttitleb54etype
19:06:20.239 [main] TRACE - Resolving type for handle cttx9678type
19:06:20.241 [main] TRACE - Resolving type for handle cttextbodya3catype
19:06:20.242 [main] TRACE - Resolving type for handle cttextparagraphcaf2type
19:06:20.243 [main] TRACE - Resolving type for handle ctregulartextrun7e3dtype
19:06:20.249 [main] TRACE - Resolving type for handle ctplotarea106etype
19:06:20.255 [main] TRACE - Resolving type for handle ctcatax7159type
19:06:20.257 [main] TRACE - Resolving type for handle ctunsignedinte8ectype
19:06:20.258 [main] TRACE - Resolving type for handle ctvalaxd06etype
19:06:20.260 [main] TRACE - Resolving type for handle ctbarchart4151type
19:06:20.267 [main] TRACE - Resolving type for handle ctbardir5f42type
19:06:20.271 [main] TRACE - Resolving type for handle ctbarser960ftype
19:06:20.273 [main] TRACE - Resolving type for handle ctaxdatasource1440type
19:06:20.275 [main] TRACE - Resolving type for handle ctnumdatasourcef0bbtype
19:06:20.277 [main] TRACE - Resolving type for handle ctstrref5d1atype
19:06:20.278 [main] TRACE - Resolving type for handle ctstrdatad58btype
19:06:20.279 [main] TRACE - Resolving type for handle ctnumref062ftype
19:06:20.280 [main] TRACE - Resolving type for handle ctnumdata4f16type
19:06:20.292 [main] TRACE - Resolving type for handle ctworkbookpr03a5type
19:06:20.295 [main] TRACE - Resolving type for handle ctbookviewsb864type
19:06:20.298 [main] TRACE - Resolving type for handle ctbookviewf677type
19:06:20.303 [main] TRACE - Resolving type for handle propertiesee84doctype
19:06:20.305 [main] TRACE - Resolving type for handle ctproperties3f10type
19:06:20.308 [main] TRACE - Resolving type for handle properties288cdoctype
19:06:20.309 [main] TRACE - Resolving type for handle ctproperties2c18type
19:06:20.313 [main] TRACE - Resolving type for handle ctfontsizeb3b9type
19:06:20.314 [main] TRACE - Resolving type for handle ctfontname2dc3type
19:06:20.315 [main] TRACE - Resolving type for handle ctfontfamily685ctype
19:06:20.317 [main] TRACE - Resolving type for handle stfontfamily9c6ctype
19:06:20.320 [main] TRACE - Resolving type for handle ctfontschemebf5dtype
19:06:20.321 [main] TRACE - Resolving type for handle stfontschemef36dtype
19:06:20.321 [main] TRACE - Resolving type for handle ctpatternfill7452type
19:06:20.323 [main] TRACE - Resolving type for handle stpatterntype7939type
19:06:20.323 [main] TRACE - Resolving type for handle ctsheetformatprdef7type
19:06:20.325 [main] TRACE - Resolving type for handle ctsheetviewsb918type
19:06:20.326 [main] TRACE - Resolving type for handle ctsheetview0f43type
19:06:20.330 [main] TRACE - Resolving type for handle ctsheetdimensiond310type
19:06:20.331 [main] TRACE - Resolving type for handle ctpagemargins5455type
19:06:20.335 [main] TRACE - Resolving type for handle ctstrval86cctype
19:06:20.337 [main] TRACE - Resolving type for handle ctnumval2fe1type
19:06:20.341 [main] TRACE - Resolving type for handle ctbooleanproperty1f3ctype
19:06:20.352 [main] TRACE - Resolving type for handle stunsignedinthex27datype
19:06:20.373 [main] TRACE - Resolving type for handle ctsheetprotection22f7type
19:06:20.392 [main] TRACE - Resolving type for handle ctpaneaab1type
19:06:20.395 [main] TRACE - Resolving type for handle stpane2ac1type
19:06:20.396 [main] TRACE - Resolving type for handle stpanestateae58type
19:06:20.398 [main] TRACE - Resolving type for handle ctselectionca2btype
19:06:20.424 [main] TRACE - Resolving type for handle ctworkbookprotection56bctype
19:06:20.456 [main] TRACE - Resolving type for handle ctnumfmtsb58btype
19:06:20.486 [main] DEBUG - Save content types part
19:06:20.553 [main] DEBUG - Save package relationships
19:06:20.556 [main] DEBUG - Save part 'docProps/app.xml'
19:06:20.556 [main] DEBUG - Save part 'docProps/core.xml'
19:06:20.559 [main] DEBUG - Save part 'xl/charts/chart1.xml'
19:06:20.559 [main] DEBUG - Save part 'xl/charts/chart2.xml'
19:06:20.560 [main] DEBUG - Save part 'xl/charts/chart3.xml'
19:06:20.560 [main] DEBUG - Save part 'xl/charts/chart4.xml'
19:06:20.561 [main] DEBUG - Save part 'xl/charts/chart5.xml'
19:06:20.562 [main] DEBUG - Save part 'xl/charts/chart6.xml'
19:06:20.563 [main] DEBUG - Save part 'xl/charts/chart7.xml'
19:06:20.564 [main] DEBUG - Save part 'xl/charts/chart8.xml'
19:06:20.564 [main] DEBUG - Save part 'xl/charts/chart9.xml'
19:06:20.565 [main] DEBUG - Save part 'xl/charts/chart10.xml'
19:06:20.565 [main] DEBUG - Save part 'xl/charts/chart11.xml'
19:06:20.566 [main] DEBUG - Save part 'xl/charts/chart12.xml'
19:06:20.568 [main] DEBUG - Save part 'xl/charts/chart13.xml'
19:06:20.569 [main] DEBUG - Save part 'xl/drawings/drawing1.xml'
19:06:20.571 [main] DEBUG - Save part 'xl/drawings/drawing2.xml'
19:06:20.571 [main] DEBUG - Save part 'xl/drawings/drawing3.xml'
19:06:20.571 [main] DEBUG - Save part 'xl/drawings/drawing4.xml'
19:06:20.571 [main] DEBUG - Save part 'xl/drawings/drawing5.xml'
19:06:20.573 [main] DEBUG - Save part 'xl/drawings/drawing6.xml'
19:06:20.573 [main] DEBUG - Save part 'xl/drawings/drawing7.xml'
19:06:20.574 [main] DEBUG - Save part 'xl/drawings/drawing8.xml'
19:06:20.576 [main] DEBUG - Save part 'xl/drawings/drawing9.xml'
19:06:20.576 [main] DEBUG - Save part 'xl/printerSettings/printerSettings1.bin'
19:06:20.576 [main] DEBUG - Save part 'xl/printerSettings/printerSettings2.bin'
19:06:20.576 [main] DEBUG - Save part 'xl/printerSettings/printerSettings3.bin'
19:06:20.576 [main] DEBUG - Save part 'xl/printerSettings/printerSettings4.bin'
19:06:20.577 [main] DEBUG - Save part 'xl/printerSettings/printerSettings5.bin'
19:06:20.577 [main] DEBUG - Save part 'xl/printerSettings/printerSettings8.bin'
19:06:20.577 [main] DEBUG - Save part 'xl/sharedStrings.xml'
19:06:20.577 [main] DEBUG - Save part 'xl/styles.xml'
19:06:20.578 [main] DEBUG - Save part 'xl/theme/theme1.xml'
19:06:20.578 [main] DEBUG - Save part 'xl/workbook.xml'
19:06:20.579 [main] DEBUG - Save part 'xl/worksheets/sheet1.xml'
19:06:20.580 [main] DEBUG - Save part 'xl/worksheets/sheet2.xml'
19:06:20.582 [main] DEBUG - Save part 'xl/worksheets/sheet3.xml'
19:06:20.584 [main] DEBUG - Save part 'xl/worksheets/sheet4.xml'
19:06:20.587 [main] DEBUG - Save part 'xl/worksheets/sheet5.xml'
19:06:20.588 [main] DEBUG - Save part 'xl/worksheets/sheet8.xml'
19:06:20.685 [main] INFO  - [TestNG] Time taken by org.testng.reporters.jq.Main@322b09da: 44 ms
19:06:20.686 [main] TRACE - [Graph] ADDING NODE AbstractTestNGCucumberTests.runScenario(io.cucumber.testng.PickleWrapper,io.cucumber.testng.FeatureWrapper)[pri:0, instance:testRunners.ParallelRunner@4215838f] -41653152
19:06:20.686 [main] TRACE - [Graph] ================ SORTING
19:06:20.686 [main] TRACE - [Graph] =============== DONE SORTING
19:06:20.686 [main] TRACE - [Graph] ====== SORTED NODES
19:06:20.686 [main] TRACE - [Graph] ====== END SORTED NODES
19:06:20.695 [main] INFO  - [TestNG] Time taken by org.testng.reporters.FailedReporter@51f01535: 10 ms
19:06:20.709 [main] INFO  - [TestNG] Time taken by org.testng.reporters.XMLReporter@1570cad0: 14 ms
19:06:20.714 [main] INFO  - [TestNG] Time taken by org.testng.reporters.EmailableReporter2@71f0806b: 5 ms
19:06:20.722 [main] INFO  - [TestNG] Time taken by org.testng.reporters.JUnitReportReporter@64f3ca6: 7 ms
19:06:20.722 [main] INFO  - [TestNG] Time taken by org.testng.internal.ExitCodeListener@3df77dfa: 0 ms
19:06:57.917 [main] DEBUG - suiteXmlPath: "C:\Users\SACHIN~1\AppData\Local\Temp\testng-eclipse-2015095983\testng-customsuite.xml"
19:06:58.138 [main] INFO  - [Utils] MethodGroupsHelper.collectMethodsByGroup() took 0 ms.
19:06:58.141 [main] INFO  - [Utils] MethodGroupsHelper.sortMethods() took 1 ms.
19:06:58.142 [main] INFO  - [Utils] MethodGroupsHelper.collectMethodsByGroup() took 0 ms.
19:06:58.142 [main] INFO  - [Utils] MethodGroupsHelper.sortMethods() took 0 ms.
19:06:58.143 [main] INFO  - [Utils] MethodGroupsHelper.collectMethodsByGroup() took 0 ms.
19:06:58.143 [main] INFO  - [Utils] MethodGroupsHelper.sortMethods() took 0 ms.
19:06:58.143 [main] INFO  - [Utils] MethodGroupsHelper.collectMethodsByGroup() took 0 ms.
19:06:58.143 [main] INFO  - [Utils] MethodGroupsHelper.sortMethods() took 0 ms.
19:06:58.144 [main] INFO  - [Utils] MethodGroupsHelper.collectMethodsByGroup() took 0 ms.
19:06:58.151 [main] TRACE - [Graph] ADDING NODE AbstractTestNGCucumberTests.setUpClass(org.testng.ITestContext)[pri:0, instance:null] -393284817
19:06:58.152 [main] TRACE - [Graph] ================ SORTING
19:06:58.154 [main] TRACE - [Graph] =============== DONE SORTING
19:06:58.154 [main] TRACE - [Graph] ====== SORTED NODES
19:06:58.154 [main] TRACE - [Graph] ====== END SORTED NODES
19:06:58.154 [main] INFO  - [Utils] MethodGroupsHelper.sortMethods() took 10 ms.
19:06:58.156 [main] INFO  - [Utils] MethodGroupsHelper.collectMethodsByGroup() took 0 ms.
19:06:58.156 [main] TRACE - [Graph] ADDING NODE AbstractTestNGCucumberTests.tearDownClass()[pri:0, instance:null] 1523153566
19:06:58.156 [main] TRACE - [Graph] ================ SORTING
19:06:58.156 [main] TRACE - [Graph] =============== DONE SORTING
19:06:58.156 [main] TRACE - [Graph] ====== SORTED NODES
19:06:58.156 [main] TRACE - [Graph] ====== END SORTED NODES
19:06:58.156 [main] INFO  - [Utils] MethodGroupsHelper.sortMethods() took 0 ms.
19:06:58.157 [main] INFO  - [Utils] MethodGroupsHelper.collectMethodsByGroup() took 0 ms.
19:06:58.157 [main] INFO  - [Utils] MethodGroupsHelper.sortMethods() took 0 ms.
19:06:58.157 [main] INFO  - [Utils] MethodGroupsHelper.collectMethodsByGroup() took 0 ms.
19:06:58.157 [main] INFO  - [Utils] MethodGroupsHelper.sortMethods() took 0 ms.
19:06:58.160 [main] INFO  - [Utils] MethodGroupsHelper.collectMethodsByGroup() took 0 ms.
19:06:58.160 [main] INFO  - [Utils] MethodGroupsHelper.sortMethods() took 0 ms.
19:06:58.160 [main] INFO  - [Utils] MethodGroupsHelper.collectMethodsByGroup() took 0 ms.
19:06:58.160 [main] INFO  - [Utils] MethodGroupsHelper.sortMethods() took 0 ms.
19:06:58.163 [main] INFO  - [Utils] MethodGroupsHelper.collectMethodsByGroup() took 0 ms.
19:06:58.163 [main] INFO  - [Utils] MethodGroupsHelper.sortMethods() took 0 ms.
19:06:58.163 [main] INFO  - [Utils] MethodGroupsHelper.collectMethodsByGroup() took 0 ms.
19:06:58.163 [main] INFO  - [Utils] MethodGroupsHelper.sortMethods() took 0 ms.
19:06:58.168 [main] INFO  - [Utils] MethodGroupsHelper.collectMethodsByGroup() took 4 ms.
19:06:58.168 [main] TRACE - [Graph] ADDING NODE AbstractTestNGCucumberTests.runScenario(io.cucumber.testng.PickleWrapper,io.cucumber.testng.FeatureWrapper)[pri:0, instance:testRunners.ParallelRunner@4215838f] -41653152
19:06:58.168 [main] TRACE - [Graph] ================ SORTING
19:06:58.168 [main] TRACE - [Graph] =============== DONE SORTING
19:06:58.168 [main] TRACE - [Graph] ====== SORTED NODES
19:06:58.168 [main] TRACE - [Graph] ====== END SORTED NODES
19:06:58.168 [main] INFO  - [Utils] MethodGroupsHelper.sortMethods() took 0 ms.
19:06:58.171 [main] INFO  - [Utils] MethodGroupsHelper.collectMethodsByGroup() took 0 ms.
19:06:58.171 [main] INFO  - [Utils] MethodGroupsHelper.sortMethods() took 0 ms.
19:06:58.171 [main] INFO  - [Utils] MethodGroupsHelper.collectMethodsByGroup() took 0 ms.
19:06:58.171 [main] INFO  - [Utils] MethodGroupsHelper.sortMethods() took 0 ms.
19:06:58.177 [main] INFO  - [TestNG] Running:
  C:\Users\Sachin Zagade\AppData\Local\Temp\testng-eclipse-2015095983\testng-customsuite.xml

19:06:58.192 [main] INFO  - [Utils] DynamicGraphHelper.createDynamicGraph() took 4 ms.
19:07:04.187 [TestNG-PoolService-1] INFO  - WebDriver initialized successfully for browser: chrome
19:07:05.003 [main] DEBUG - Parsing relationship: /xl/charts/_rels/chart1.xml.rels
19:07:05.006 [main] DEBUG - Parsing relationship: /xl/charts/_rels/chart2.xml.rels
19:07:05.007 [main] DEBUG - Parsing relationship: /xl/charts/_rels/chart3.xml.rels
19:07:05.008 [main] DEBUG - Parsing relationship: /xl/charts/_rels/chart5.xml.rels
19:07:05.008 [main] DEBUG - Parsing relationship: /xl/charts/_rels/chart8.xml.rels
19:07:05.009 [main] DEBUG - Parsing relationship: /xl/drawings/_rels/drawing1.xml.rels
19:07:05.010 [main] DEBUG - Parsing relationship: /xl/drawings/_rels/drawing5.xml.rels
19:07:05.012 [main] DEBUG - Parsing relationship: /xl/drawings/_rels/drawing7.xml.rels
19:07:05.013 [main] DEBUG - Parsing relationship: /xl/drawings/_rels/drawing8.xml.rels
19:07:05.014 [main] DEBUG - Parsing relationship: /xl/drawings/_rels/drawing10.xml.rels
19:07:05.015 [main] DEBUG - Parsing relationship: /xl/drawings/_rels/drawing11.xml.rels
19:07:05.015 [main] DEBUG - Parsing relationship: /xl/externalLinks/_rels/externalLink1.xml.rels
19:07:05.016 [main] DEBUG - Parsing relationship: /xl/_rels/workbook.xml.rels
19:07:05.018 [main] DEBUG - Parsing relationship: /xl/worksheets/_rels/sheet1.xml.rels
19:07:05.019 [main] DEBUG - Parsing relationship: /xl/worksheets/_rels/sheet2.xml.rels
19:07:05.019 [main] DEBUG - Parsing relationship: /xl/worksheets/_rels/sheet3.xml.rels
19:07:05.020 [main] DEBUG - Parsing relationship: /xl/worksheets/_rels/sheet4.xml.rels
19:07:05.020 [main] DEBUG - Parsing relationship: /xl/worksheets/_rels/sheet6.xml.rels
19:07:05.021 [main] DEBUG - Parsing relationship: /xl/worksheets/_rels/sheet7.xml.rels
19:07:05.021 [main] DEBUG - Parsing relationship: /xl/worksheets/_rels/sheet8.xml.rels
19:07:05.022 [main] DEBUG - Parsing relationship: /_rels/.rels
19:07:05.155 [main] TRACE - Loading type system org.apache.poi.schemas.ooxml.system.ooxml
19:07:05.158 [main] TRACE - Loading type system org.apache.xmlbeans.metadata.system.sXMLCONFIG
19:07:05.158 [main] TRACE - Loading type system org.apache.xmlbeans.metadata.system.sXMLLANG
19:07:05.159 [main] TRACE - Loading type system org.apache.xmlbeans.metadata.system.sXMLSCHEMA
19:07:05.159 [main] TRACE - Loading type system org.apache.xmlbeans.metadata.system.sXMLTOOLS
19:07:05.160 [main] TRACE - Reading unresolved handles for type system org.apache.xmlbeans.metadata.system.sXMLTOOLS
19:07:05.169 [main] TRACE - Finished loading type system org.apache.xmlbeans.metadata.system.sXMLTOOLS
19:07:05.170 [main] TRACE - Reading unresolved handles for type system org.apache.xmlbeans.metadata.system.sXMLSCHEMA
19:07:05.179 [main] TRACE - Finished loading type system org.apache.xmlbeans.metadata.system.sXMLSCHEMA
19:07:05.180 [main] TRACE - Reading unresolved handles for type system org.apache.xmlbeans.metadata.system.sXMLLANG
19:07:05.181 [main] TRACE - Finished loading type system org.apache.xmlbeans.metadata.system.sXMLLANG
19:07:05.182 [main] TRACE - Reading unresolved handles for type system org.apache.xmlbeans.metadata.system.sXMLCONFIG
19:07:05.182 [main] TRACE - Finished loading type system org.apache.xmlbeans.metadata.system.sXMLCONFIG
19:07:05.183 [main] TRACE - Reading unresolved handles for type system org.apache.poi.schemas.ooxml.system.ooxml
19:07:05.235 [main] TRACE - Finished loading type system org.apache.poi.schemas.ooxml.system.ooxml
19:07:05.236 [main] TRACE - Resolving type for handle themefd26doctype
19:07:05.290 [main] TRACE - Resolving type for handle stylesheet5d8bdoctype
19:07:05.303 [main] TRACE - Resolving type for handle ctstylesheet4257type
19:07:05.314 [main] TRACE - Resolving type for handle ctcolors6579type
19:07:05.317 [main] TRACE - Resolving type for handle ctfonts6623type
19:07:05.319 [main] TRACE - Resolving type for handle ctfont14d8type
19:07:05.323 [main] TRACE - Resolving type for handle ctfills2c6ftype
19:07:05.325 [main] TRACE - Resolving type for handle ctfill550ctype
19:07:05.326 [main] TRACE - Resolving type for handle ctborders0d66type
19:07:05.329 [main] TRACE - Resolving type for handle ctborderf935type
19:07:05.333 [main] TRACE - Resolving type for handle ctcellxfs1322type
19:07:05.336 [main] TRACE - Resolving type for handle ctxf97f7type
19:07:05.338 [main] TRACE - Resolving type for handle ctcellstylexfsa81ftype
19:07:05.350 [main] TRACE - Resolving type for handle ctdxfsb26atype
19:07:05.352 [main] TRACE - Resolving type for handle cttablestyles872ftype
19:07:05.355 [main] TRACE - Resolving type for handle sstf81fdoctype
19:07:05.359 [main] TRACE - Resolving type for handle ctsst44f3type
19:07:05.367 [main] TRACE - Resolving type for handle ctrsta472type
19:07:05.386 [main] TRACE - Resolving type for handle calcchainfc37doctype
19:07:05.388 [main] TRACE - Resolving type for handle ctcalcchain5a0btype
19:07:05.391 [main] TRACE - Resolving type for handle externallinkb4c2doctype
19:07:05.394 [main] TRACE - Resolving type for handle ctexternallink966etype
19:07:05.397 [main] DEBUG - using default POIXMLDocumentPart for http://schemas.openxmlformats.org/officeDocument/2006/relationships/printerSettings
19:07:05.399 [main] TRACE - Resolving type for handle ctdrawing2748type
19:07:05.406 [main] TRACE - Resolving type for handle chartspace36e0doctype
19:07:05.414 [main] TRACE - Resolving type for handle ctchartspacef9b4type
19:07:05.421 [main] DEBUG - using default POIXMLDocumentPart for http://schemas.openxmlformats.org/officeDocument/2006/relationships/chartUserShapes
19:07:05.421 [main] DEBUG - using default POIXMLDocumentPart for http://schemas.openxmlformats.org/officeDocument/2006/relationships/chartUserShapes
19:07:05.421 [main] DEBUG - using default POIXMLDocumentPart for http://schemas.openxmlformats.org/officeDocument/2006/relationships/chartUserShapes
19:07:05.422 [main] DEBUG - using default POIXMLDocumentPart for http://schemas.openxmlformats.org/officeDocument/2006/relationships/printerSettings
19:07:05.431 [main] DEBUG - using default POIXMLDocumentPart for http://schemas.openxmlformats.org/officeDocument/2006/relationships/chartUserShapes
19:07:05.431 [main] DEBUG - using default POIXMLDocumentPart for http://schemas.openxmlformats.org/officeDocument/2006/relationships/printerSettings
19:07:05.435 [main] DEBUG - using default POIXMLDocumentPart for http://schemas.openxmlformats.org/officeDocument/2006/relationships/printerSettings
19:07:05.440 [main] DEBUG - using default POIXMLDocumentPart for http://schemas.openxmlformats.org/officeDocument/2006/relationships/chartUserShapes
19:07:05.440 [main] DEBUG - using default POIXMLDocumentPart for http://schemas.openxmlformats.org/officeDocument/2006/relationships/printerSettings
19:07:05.445 [main] DEBUG - using default POIXMLDocumentPart for http://schemas.openxmlformats.org/officeDocument/2006/relationships/printerSettings
19:07:05.448 [main] DEBUG - using default POIXMLDocumentPart for http://schemas.openxmlformats.org/officeDocument/2006/relationships/printerSettings
19:07:05.449 [main] TRACE - Resolving type for handle workbookec17doctype
19:07:05.452 [main] TRACE - Resolving type for handle ctworkbook83c3type
19:07:05.457 [main] TRACE - Resolving type for handle ctsheets49fdtype
19:07:05.459 [main] TRACE - Resolving type for handle ctsheet4dbetype
19:07:05.462 [main] TRACE - Resolving type for handle strelationshipid1e94type
19:07:05.464 [main] TRACE - Resolving type for handle worksheetf539doctype
19:07:05.469 [main] TRACE - Resolving type for handle ctworksheet530dtype
19:07:05.486 [main] TRACE - Resolving type for handle ctcols627ctype
19:07:05.490 [main] TRACE - Resolving type for handle ctcola95ftype
19:07:05.505 [main] TRACE - Resolving type for handle ctsheetdata8408type
19:07:05.510 [main] TRACE - Resolving type for handle ctrowdd39type
19:07:05.515 [main] TRACE - Resolving type for handle ctcell842btype
19:07:05.521 [main] TRACE - Resolving type for handle stcellrefe4e0type
19:07:05.549 [main] TRACE - Resolving type for handle ctcellformula3583type
19:07:05.554 [main] TRACE - Resolving type for handle stcellformulatypee2cdtype
19:07:05.557 [main] TRACE - Resolving type for handle ctexternalreferencesd77ctype
19:07:05.559 [main] TRACE - Resolving type for handle ctexternalreference945ftype
19:07:05.563 [main] TRACE - Resolving type for handle ctdefinednamesce48type
19:07:05.565 [main] TRACE - Resolving type for handle ctdefinedname9413type
19:07:05.567 [main] TRACE - Resolving type for handle stxstringf179type
19:07:05.571 [main] TRACE - Resolving type for handle stsheetstate158btype
19:07:05.591 [main] TRACE - Resolving type for handle stcelltypebf95type
19:07:05.598 [main] TRACE - Resolving type for handle ctsheetprotection22f7type
19:07:05.636 [main] TRACE - Resolving type for handle stnumfmtid76fbtype
19:07:05.637 [main] TRACE - Resolving type for handle stfontid9d63type
19:07:05.637 [main] TRACE - Resolving type for handle stfillida097type
19:07:05.639 [main] TRACE - Resolving type for handle stborderid1a80type
19:07:05.639 [main] TRACE - Resolving type for handle stcellstylexfid70c7type
19:07:05.641 [main] TRACE - Resolving type for handle ctcellalignmentb580type
19:07:05.644 [main] TRACE - Resolving type for handle stverticalalignmentd35ctype
19:07:05.646 [main] TRACE - Resolving type for handle ctborderpre497type
19:07:05.648 [main] TRACE - Resolving type for handle stborderstylec774type
19:07:05.649 [main] TRACE - Resolving type for handle ctcolord2c2type
19:07:05.653 [main] TRACE - Resolving type for handle ctfontname2dc3type
19:07:05.654 [main] TRACE - Resolving type for handle ctfontsizeb3b9type
19:07:05.656 [main] TRACE - Resolving type for handle ctbooleanproperty1f3ctype
19:07:05.668 [main] TRACE - Resolving type for handle stunsignedinthex27datype
19:07:05.672 [main] TRACE - Resolving type for handle sthorizontalalignmentf92etype
19:07:05.679 [main] TRACE - Resolving type for handle ctdrawing44fdtype
19:07:05.680 [main] TRACE - Resolving type for handle ctchartc108type
19:07:05.682 [main] TRACE - Resolving type for handle cttitleb54etype
19:07:05.688 [main] TRACE - Resolving type for handle cttx9678type
19:07:05.689 [main] TRACE - Resolving type for handle cttextbodya3catype
19:07:05.690 [main] TRACE - Resolving type for handle cttextparagraphcaf2type
19:07:05.691 [main] TRACE - Resolving type for handle ctregulartextrun7e3dtype
19:07:05.699 [main] TRACE - Resolving type for handle ctplotarea106etype
19:07:05.703 [main] TRACE - Resolving type for handle ctcatax7159type
19:07:05.704 [main] TRACE - Resolving type for handle ctunsignedinte8ectype
19:07:05.706 [main] TRACE - Resolving type for handle ctvalaxd06etype
19:07:05.709 [main] TRACE - Resolving type for handle ctbarchart4151type
19:07:05.713 [main] TRACE - Resolving type for handle ctbardir5f42type
19:07:05.715 [main] TRACE - Resolving type for handle ctbarser960ftype
19:07:05.717 [main] TRACE - Resolving type for handle ctaxdatasource1440type
19:07:05.718 [main] TRACE - Resolving type for handle ctnumdatasourcef0bbtype
19:07:05.719 [main] TRACE - Resolving type for handle ctstrref5d1atype
19:07:05.720 [main] TRACE - Resolving type for handle ctstrdatad58btype
19:07:05.722 [main] TRACE - Resolving type for handle ctnumref062ftype
19:07:05.723 [main] TRACE - Resolving type for handle ctnumdata4f16type
19:07:05.735 [main] TRACE - Resolving type for handle ctworkbookpr03a5type
19:07:05.738 [main] TRACE - Resolving type for handle ctbookviewsb864type
19:07:05.741 [main] TRACE - Resolving type for handle ctbookviewf677type
19:07:05.743 [main] TRACE - Resolving type for handle propertiesee84doctype
19:07:05.745 [main] TRACE - Resolving type for handle ctproperties3f10type
19:07:05.749 [main] TRACE - Resolving type for handle properties288cdoctype
19:07:05.750 [main] TRACE - Resolving type for handle ctproperties2c18type
19:07:05.753 [main] TRACE - Resolving type for handle ctfontfamily685ctype
19:07:05.755 [main] TRACE - Resolving type for handle stfontfamily9c6ctype
19:07:05.757 [main] TRACE - Resolving type for handle ctfontschemebf5dtype
19:07:05.759 [main] TRACE - Resolving type for handle stfontschemef36dtype
19:07:05.760 [main] TRACE - Resolving type for handle ctpatternfill7452type
19:07:05.765 [main] TRACE - Resolving type for handle stpatterntype7939type
19:07:05.767 [main] TRACE - Resolving type for handle ctsheetformatprdef7type
19:07:05.774 [main] TRACE - Resolving type for handle ctsheetviewsb918type
19:07:05.776 [main] TRACE - Resolving type for handle ctsheetview0f43type
19:07:05.781 [main] TRACE - Resolving type for handle ctsheetdimensiond310type
19:07:05.782 [main] TRACE - Resolving type for handle stref90a2type
19:07:05.783 [main] TRACE - Resolving type for handle ctpagemargins5455type
19:07:05.786 [main] TRACE - Resolving type for handle ctstrval86cctype
19:07:05.788 [main] TRACE - Resolving type for handle ctnumval2fe1type
19:07:05.790 [main] TRACE - Resolving type for handle ctpaneaab1type
19:07:05.792 [main] TRACE - Resolving type for handle stpane2ac1type
19:07:05.793 [main] TRACE - Resolving type for handle stpanestateae58type
19:07:05.797 [main] TRACE - Resolving type for handle ctselectionca2btype
19:07:05.800 [main] TRACE - Resolving type for handle cttwocellanchor1e8dtype
19:07:05.802 [main] TRACE - Resolving type for handle ctmarkeree8etype
19:07:05.805 [main] TRACE - Resolving type for handle strowidf4cftype
19:07:05.810 [main] TRACE - Resolving type for handle ctcalccellb960type
19:07:05.815 [main] TRACE - Resolving type for handle ctmergecells1242type
19:07:05.816 [main] TRACE - Resolving type for handle ctmergecelle8d9type
19:07:05.865 [main] TRACE - Resolving type for handle ctworkbookprotection56bctype
19:07:05.892 [main] TRACE - Resolving type for handle ctnumfmtsb58btype
19:07:05.922 [main] DEBUG - Save content types part
19:07:05.982 [main] DEBUG - Save package relationships
19:07:05.985 [main] DEBUG - Save part 'docProps/app.xml'
19:07:05.986 [main] DEBUG - Save part 'docProps/core.xml'
19:07:05.988 [main] DEBUG - Save part 'xl/charts/chart1.xml'
19:07:05.989 [main] DEBUG - Save part 'xl/charts/chart2.xml'
19:07:05.990 [main] DEBUG - Save part 'xl/charts/chart3.xml'
19:07:05.991 [main] DEBUG - Save part 'xl/charts/chart4.xml'
19:07:05.992 [main] DEBUG - Save part 'xl/charts/chart5.xml'
19:07:05.993 [main] DEBUG - Save part 'xl/charts/chart6.xml'
19:07:05.993 [main] DEBUG - Save part 'xl/charts/chart7.xml'
19:07:05.993 [main] DEBUG - Save part 'xl/charts/chart8.xml'
19:07:05.996 [main] DEBUG - Save part 'xl/charts/chart9.xml'
19:07:05.997 [main] DEBUG - Save part 'xl/charts/chart10.xml'
19:07:05.997 [main] DEBUG - Save part 'xl/drawings/drawing1.xml'
19:07:05.999 [main] DEBUG - Save part 'xl/drawings/drawing2.xml'
19:07:05.999 [main] DEBUG - Save part 'xl/drawings/drawing3.xml'
19:07:05.999 [main] DEBUG - Save part 'xl/drawings/drawing4.xml'
19:07:06.000 [main] DEBUG - Save part 'xl/drawings/drawing5.xml'
19:07:06.001 [main] DEBUG - Save part 'xl/drawings/drawing6.xml'
19:07:06.001 [main] DEBUG - Save part 'xl/drawings/drawing7.xml'
19:07:06.002 [main] DEBUG - Save part 'xl/drawings/drawing8.xml'
19:07:06.003 [main] DEBUG - Save part 'xl/drawings/drawing9.xml'
19:07:06.004 [main] DEBUG - Save part 'xl/externalLinks/externalLink1.xml'
19:07:06.005 [main] DEBUG - Save part 'xl/printerSettings/printerSettings1.bin'
19:07:06.005 [main] DEBUG - Save part 'xl/printerSettings/printerSettings2.bin'
19:07:06.005 [main] DEBUG - Save part 'xl/printerSettings/printerSettings3.bin'
19:07:06.005 [main] DEBUG - Save part 'xl/printerSettings/printerSettings4.bin'
19:07:06.006 [main] DEBUG - Save part 'xl/printerSettings/printerSettings7.bin'
19:07:06.006 [main] DEBUG - Save part 'xl/sharedStrings.xml'
19:07:06.006 [main] DEBUG - Save part 'xl/styles.xml'
19:07:06.006 [main] DEBUG - Save part 'xl/theme/theme1.xml'
19:07:06.007 [main] DEBUG - Save part 'xl/workbook.xml'
19:07:06.008 [main] DEBUG - Save part 'xl/worksheets/sheet1.xml'
19:07:06.010 [main] DEBUG - Save part 'xl/worksheets/sheet2.xml'
19:07:06.012 [main] DEBUG - Save part 'xl/worksheets/sheet3.xml'
19:07:06.013 [main] DEBUG - Save part 'xl/worksheets/sheet4.xml'
19:07:06.014 [main] DEBUG - Save part 'xl/worksheets/sheet8.xml'
19:07:06.088 [main] INFO  - [TestNG] Time taken by org.testng.reporters.jq.Main@22c8ee48: 35 ms
19:07:06.089 [main] INFO  - [TestNG] Time taken by org.testng.reporters.FailedReporter@7845b21a: 1 ms
19:07:06.095 [main] INFO  - [TestNG] Time taken by org.testng.reporters.XMLReporter@2342f1ff: 5 ms
19:07:06.100 [main] INFO  - [TestNG] Time taken by org.testng.reporters.EmailableReporter2@69ba3f4e: 5 ms
19:07:06.104 [main] INFO  - [TestNG] Time taken by org.testng.reporters.JUnitReportReporter@30517a57: 4 ms
19:07:06.104 [main] INFO  - [TestNG] Time taken by org.testng.internal.ExitCodeListener@3dde5f38: 0 ms
19:08:18.995 [main] DEBUG - suiteXmlPath: "C:\Users\SACHIN~1\AppData\Local\Temp\testng-eclipse--430829396\testng-customsuite.xml"
19:08:19.201 [main] INFO  - [Utils] MethodGroupsHelper.collectMethodsByGroup() took 0 ms.
19:08:19.204 [main] INFO  - [Utils] MethodGroupsHelper.sortMethods() took 0 ms.
19:08:19.206 [main] INFO  - [Utils] MethodGroupsHelper.collectMethodsByGroup() took 0 ms.
19:08:19.206 [main] INFO  - [Utils] MethodGroupsHelper.sortMethods() took 0 ms.
19:08:19.206 [main] INFO  - [Utils] MethodGroupsHelper.collectMethodsByGroup() took 0 ms.
19:08:19.206 [main] INFO  - [Utils] MethodGroupsHelper.sortMethods() took 0 ms.
19:08:19.206 [main] INFO  - [Utils] MethodGroupsHelper.collectMethodsByGroup() took 0 ms.
19:08:19.206 [main] INFO  - [Utils] MethodGroupsHelper.sortMethods() took 0 ms.
19:08:19.208 [main] INFO  - [Utils] MethodGroupsHelper.collectMethodsByGroup() took 0 ms.
19:08:19.213 [main] TRACE - [Graph] ADDING NODE AbstractTestNGCucumberTests.setUpClass(org.testng.ITestContext)[pri:0, instance:null] -393284817
19:08:19.213 [main] TRACE - [Graph] ================ SORTING
19:08:19.216 [main] TRACE - [Graph] =============== DONE SORTING
19:08:19.216 [main] TRACE - [Graph] ====== SORTED NODES
19:08:19.216 [main] TRACE - [Graph] ====== END SORTED NODES
19:08:19.216 [main] INFO  - [Utils] MethodGroupsHelper.sortMethods() took 8 ms.
19:08:19.217 [main] INFO  - [Utils] MethodGroupsHelper.collectMethodsByGroup() took 0 ms.
19:08:19.218 [main] TRACE - [Graph] ADDING NODE AbstractTestNGCucumberTests.tearDownClass()[pri:0, instance:null] 1523153566
19:08:19.218 [main] TRACE - [Graph] ================ SORTING
19:08:19.218 [main] TRACE - [Graph] =============== DONE SORTING
19:08:19.218 [main] TRACE - [Graph] ====== SORTED NODES
19:08:19.219 [main] TRACE - [Graph] ====== END SORTED NODES
19:08:19.219 [main] INFO  - [Utils] MethodGroupsHelper.sortMethods() took 1 ms.
19:08:19.220 [main] INFO  - [Utils] MethodGroupsHelper.collectMethodsByGroup() took 0 ms.
19:08:19.220 [main] INFO  - [Utils] MethodGroupsHelper.sortMethods() took 0 ms.
19:08:19.220 [main] INFO  - [Utils] MethodGroupsHelper.collectMethodsByGroup() took 0 ms.
19:08:19.220 [main] INFO  - [Utils] MethodGroupsHelper.sortMethods() took 0 ms.
19:08:19.222 [main] INFO  - [Utils] MethodGroupsHelper.collectMethodsByGroup() took 0 ms.
19:08:19.222 [main] INFO  - [Utils] MethodGroupsHelper.sortMethods() took 0 ms.
19:08:19.222 [main] INFO  - [Utils] MethodGroupsHelper.collectMethodsByGroup() took 0 ms.
19:08:19.222 [main] INFO  - [Utils] MethodGroupsHelper.sortMethods() took 0 ms.
19:08:19.224 [main] INFO  - [Utils] MethodGroupsHelper.collectMethodsByGroup() took 0 ms.
19:08:19.224 [main] INFO  - [Utils] MethodGroupsHelper.sortMethods() took 0 ms.
19:08:19.224 [main] INFO  - [Utils] MethodGroupsHelper.collectMethodsByGroup() took 0 ms.
19:08:19.224 [main] INFO  - [Utils] MethodGroupsHelper.sortMethods() took 0 ms.
19:08:19.228 [main] INFO  - [Utils] MethodGroupsHelper.collectMethodsByGroup() took 3 ms.
19:08:19.228 [main] TRACE - [Graph] ADDING NODE AbstractTestNGCucumberTests.runScenario(io.cucumber.testng.PickleWrapper,io.cucumber.testng.FeatureWrapper)[pri:0, instance:testRunners.ParallelRunner@4215838f] -41653152
19:08:19.228 [main] TRACE - [Graph] ================ SORTING
19:08:19.228 [main] TRACE - [Graph] =============== DONE SORTING
19:08:19.228 [main] TRACE - [Graph] ====== SORTED NODES
19:08:19.228 [main] TRACE - [Graph] ====== END SORTED NODES
19:08:19.228 [main] INFO  - [Utils] MethodGroupsHelper.sortMethods() took 0 ms.
19:08:19.230 [main] INFO  - [Utils] MethodGroupsHelper.collectMethodsByGroup() took 0 ms.
19:08:19.230 [main] INFO  - [Utils] MethodGroupsHelper.sortMethods() took 0 ms.
19:08:19.230 [main] INFO  - [Utils] MethodGroupsHelper.collectMethodsByGroup() took 0 ms.
19:08:19.230 [main] INFO  - [Utils] MethodGroupsHelper.sortMethods() took 0 ms.
19:08:19.237 [main] INFO  - [TestNG] Running:
  C:\Users\Sachin Zagade\AppData\Local\Temp\testng-eclipse--430829396\testng-customsuite.xml

19:08:19.250 [main] INFO  - [Utils] DynamicGraphHelper.createDynamicGraph() took 2 ms.
19:08:22.192 [TestNG-PoolService-1] INFO  - WebDriver initialized successfully for browser: chrome
19:08:23.022 [main] DEBUG - Parsing relationship: /xl/charts/_rels/chart1.xml.rels
19:08:23.025 [main] DEBUG - Parsing relationship: /xl/charts/_rels/chart2.xml.rels
19:08:23.026 [main] DEBUG - Parsing relationship: /xl/charts/_rels/chart3.xml.rels
19:08:23.026 [main] DEBUG - Parsing relationship: /xl/charts/_rels/chart5.xml.rels
19:08:23.027 [main] DEBUG - Parsing relationship: /xl/charts/_rels/chart8.xml.rels
19:08:23.028 [main] DEBUG - Parsing relationship: /xl/drawings/_rels/drawing1.xml.rels
19:08:23.029 [main] DEBUG - Parsing relationship: /xl/drawings/_rels/drawing5.xml.rels
19:08:23.029 [main] DEBUG - Parsing relationship: /xl/drawings/_rels/drawing7.xml.rels
19:08:23.030 [main] DEBUG - Parsing relationship: /xl/drawings/_rels/drawing8.xml.rels
19:08:23.031 [main] DEBUG - Parsing relationship: /xl/drawings/_rels/drawing10.xml.rels
19:08:23.031 [main] DEBUG - Parsing relationship: /xl/drawings/_rels/drawing11.xml.rels
19:08:23.031 [main] DEBUG - Parsing relationship: /xl/externalLinks/_rels/externalLink1.xml.rels
19:08:23.032 [main] DEBUG - Parsing relationship: /xl/_rels/workbook.xml.rels
19:08:23.034 [main] DEBUG - Parsing relationship: /xl/worksheets/_rels/sheet1.xml.rels
19:08:23.036 [main] DEBUG - Parsing relationship: /xl/worksheets/_rels/sheet2.xml.rels
19:08:23.037 [main] DEBUG - Parsing relationship: /xl/worksheets/_rels/sheet3.xml.rels
19:08:23.038 [main] DEBUG - Parsing relationship: /xl/worksheets/_rels/sheet4.xml.rels
19:08:23.038 [main] DEBUG - Parsing relationship: /xl/worksheets/_rels/sheet6.xml.rels
19:08:23.039 [main] DEBUG - Parsing relationship: /xl/worksheets/_rels/sheet7.xml.rels
19:08:23.039 [main] DEBUG - Parsing relationship: /xl/worksheets/_rels/sheet8.xml.rels
19:08:23.040 [main] DEBUG - Parsing relationship: /_rels/.rels
19:08:23.169 [main] TRACE - Loading type system org.apache.poi.schemas.ooxml.system.ooxml
19:08:23.172 [main] TRACE - Loading type system org.apache.xmlbeans.metadata.system.sXMLCONFIG
19:08:23.182 [main] TRACE - Loading type system org.apache.xmlbeans.metadata.system.sXMLLANG
19:08:23.183 [main] TRACE - Loading type system org.apache.xmlbeans.metadata.system.sXMLSCHEMA
19:08:23.183 [main] TRACE - Loading type system org.apache.xmlbeans.metadata.system.sXMLTOOLS
19:08:23.184 [main] TRACE - Reading unresolved handles for type system org.apache.xmlbeans.metadata.system.sXMLTOOLS
19:08:23.193 [main] TRACE - Finished loading type system org.apache.xmlbeans.metadata.system.sXMLTOOLS
19:08:23.194 [main] TRACE - Reading unresolved handles for type system org.apache.xmlbeans.metadata.system.sXMLSCHEMA
19:08:23.197 [main] TRACE - Finished loading type system org.apache.xmlbeans.metadata.system.sXMLSCHEMA
19:08:23.198 [main] TRACE - Reading unresolved handles for type system org.apache.xmlbeans.metadata.system.sXMLLANG
19:08:23.198 [main] TRACE - Finished loading type system org.apache.xmlbeans.metadata.system.sXMLLANG
19:08:23.199 [main] TRACE - Reading unresolved handles for type system org.apache.xmlbeans.metadata.system.sXMLCONFIG
19:08:23.200 [main] TRACE - Finished loading type system org.apache.xmlbeans.metadata.system.sXMLCONFIG
19:08:23.200 [main] TRACE - Reading unresolved handles for type system org.apache.poi.schemas.ooxml.system.ooxml
19:08:23.248 [main] TRACE - Finished loading type system org.apache.poi.schemas.ooxml.system.ooxml
19:08:23.249 [main] TRACE - Resolving type for handle themefd26doctype
19:08:23.292 [main] TRACE - Resolving type for handle stylesheet5d8bdoctype
19:08:23.302 [main] TRACE - Resolving type for handle ctstylesheet4257type
19:08:23.306 [main] TRACE - Resolving type for handle ctcolors6579type
19:08:23.308 [main] TRACE - Resolving type for handle ctfonts6623type
19:08:23.311 [main] TRACE - Resolving type for handle ctfont14d8type
19:08:23.315 [main] TRACE - Resolving type for handle ctfills2c6ftype
19:08:23.317 [main] TRACE - Resolving type for handle ctfill550ctype
19:08:23.320 [main] TRACE - Resolving type for handle ctborders0d66type
19:08:23.322 [main] TRACE - Resolving type for handle ctborderf935type
19:08:23.324 [main] TRACE - Resolving type for handle ctcellxfs1322type
19:08:23.326 [main] TRACE - Resolving type for handle ctxf97f7type
19:08:23.328 [main] TRACE - Resolving type for handle ctcellstylexfsa81ftype
19:08:23.329 [main] TRACE - Resolving type for handle ctdxfsb26atype
19:08:23.331 [main] TRACE - Resolving type for handle cttablestyles872ftype
19:08:23.335 [main] TRACE - Resolving type for handle sstf81fdoctype
19:08:23.339 [main] TRACE - Resolving type for handle ctsst44f3type
19:08:23.345 [main] TRACE - Resolving type for handle ctrsta472type
19:08:23.364 [main] TRACE - Resolving type for handle calcchainfc37doctype
19:08:23.369 [main] TRACE - Resolving type for handle ctcalcchain5a0btype
19:08:23.372 [main] TRACE - Resolving type for handle externallinkb4c2doctype
19:08:23.375 [main] TRACE - Resolving type for handle ctexternallink966etype
19:08:23.376 [main] DEBUG - using default POIXMLDocumentPart for http://schemas.openxmlformats.org/officeDocument/2006/relationships/printerSettings
19:08:23.379 [main] TRACE - Resolving type for handle ctdrawing2748type
19:08:23.390 [main] TRACE - Resolving type for handle chartspace36e0doctype
19:08:23.394 [main] TRACE - Resolving type for handle ctchartspacef9b4type
19:08:23.400 [main] DEBUG - using default POIXMLDocumentPart for http://schemas.openxmlformats.org/officeDocument/2006/relationships/chartUserShapes
19:08:23.401 [main] DEBUG - using default POIXMLDocumentPart for http://schemas.openxmlformats.org/officeDocument/2006/relationships/chartUserShapes
19:08:23.401 [main] DEBUG - using default POIXMLDocumentPart for http://schemas.openxmlformats.org/officeDocument/2006/relationships/chartUserShapes
19:08:23.402 [main] DEBUG - using default POIXMLDocumentPart for http://schemas.openxmlformats.org/officeDocument/2006/relationships/printerSettings
19:08:23.410 [main] DEBUG - using default POIXMLDocumentPart for http://schemas.openxmlformats.org/officeDocument/2006/relationships/chartUserShapes
19:08:23.410 [main] DEBUG - using default POIXMLDocumentPart for http://schemas.openxmlformats.org/officeDocument/2006/relationships/printerSettings
19:08:23.414 [main] DEBUG - using default POIXMLDocumentPart for http://schemas.openxmlformats.org/officeDocument/2006/relationships/printerSettings
19:08:23.423 [main] DEBUG - using default POIXMLDocumentPart for http://schemas.openxmlformats.org/officeDocument/2006/relationships/chartUserShapes
